CRITICAL - 2024-04-26 05:39:11 --> ErrorException: Undefined array key "nom"
[Method: GET, Route: Etudiant/modification]
in APPPATH/Controllers/Etudiant.php on line 113.
 1 APPPATH/Controllers/Etudiant.php(113): CodeIgniter\Debug\Exceptions->errorHandler()
 2 SYSTEMPATH/CodeIgniter.php(933): App\Controllers\Etudiant->modification()
 3 SYSTEMPATH/CodeIgniter.php(509): CodeIgniter\CodeIgniter->runController()
 4 SYSTEMPATH/CodeIgniter.php(355): CodeIgniter\CodeIgniter->handleRequest()
 5 SYSTEMPATH/Boot.php(312): CodeIgniter\CodeIgniter->run()
 6 SYSTEMPATH/Boot.php(67): CodeIgniter\Boot::runCodeIgniter()
 7 FCPATH/index.php(56): CodeIgniter\Boot::bootWeb()
CRITICAL - 2024-04-26 05:48:03 --> ErrorException: Undefined array key "nom"
[Method: GET, Route: Etudiant/modification]
in APPPATH/Controllers/Etudiant.php on line 113.
 1 APPPATH/Controllers/Etudiant.php(113): CodeIgniter\Debug\Exceptions->errorHandler()
 2 SYSTEMPATH/CodeIgniter.php(933): App\Controllers\Etudiant->modification()
 3 SYSTEMPATH/CodeIgniter.php(509): CodeIgniter\CodeIgniter->runController()
 4 SYSTEMPATH/CodeIgniter.php(355): CodeIgniter\CodeIgniter->handleRequest()
 5 SYSTEMPATH/Boot.php(312): CodeIgniter\CodeIgniter->run()
 6 SYSTEMPATH/Boot.php(67): CodeIgniter\Boot::runCodeIgniter()
 7 FCPATH/index.php(56): CodeIgniter\Boot::bootWeb()
CRITICAL - 2024-04-26 05:48:39 --> ErrorException: Undefined array key "nom"
[Method: GET, Route: Etudiant/modification]
in APPPATH/Controllers/Etudiant.php on line 113.
 1 APPPATH/Controllers/Etudiant.php(113): CodeIgniter\Debug\Exceptions->errorHandler()
 2 SYSTEMPATH/CodeIgniter.php(933): App\Controllers\Etudiant->modification()
 3 SYSTEMPATH/CodeIgniter.php(509): CodeIgniter\CodeIgniter->runController()
 4 SYSTEMPATH/CodeIgniter.php(355): CodeIgniter\CodeIgniter->handleRequest()
 5 SYSTEMPATH/Boot.php(312): CodeIgniter\CodeIgniter->run()
 6 SYSTEMPATH/Boot.php(67): CodeIgniter\Boot::runCodeIgniter()
 7 FCPATH/index.php(56): CodeIgniter\Boot::bootWeb()
CRITICAL - 2024-04-26 05:57:02 --> CodeIgniter\Database\Exceptions\DatabaseException: Updates are not allowed unless they contain a "where" or "like" clause.
[Method: GET, Route: Etudiant/modification]
in SYSTEMPATH/Model.php on line 445.
 1 SYSTEMPATH/BaseModel.php(1028): CodeIgniter\Model->doUpdate()
 2 SYSTEMPATH/Model.php(854): CodeIgniter\BaseModel->update()
 3 APPPATH/Models/EtudiantBDD/EtudiantBDD.php(27): CodeIgniter\Model->update()
 4 APPPATH/Controllers/Etudiant.php(121): App\Models\EtudiantBDD\EtudiantBDD->modifier()
 5 SYSTEMPATH/CodeIgniter.php(933): App\Controllers\Etudiant->modification()
 6 SYSTEMPATH/CodeIgniter.php(509): CodeIgniter\CodeIgniter->runController()
 7 SYSTEMPATH/CodeIgniter.php(355): CodeIgniter\CodeIgniter->handleRequest()
 8 SYSTEMPATH/Boot.php(312): CodeIgniter\CodeIgniter->run()
 9 SYSTEMPATH/Boot.php(67): CodeIgniter\Boot::runCodeIgniter()
10 FCPATH/index.php(56): CodeIgniter\Boot::bootWeb()
ERROR - 2024-04-26 08:11:09 --> mysqli_sql_exception: Duplicate entry 'Manou' for key 'Etudiant.Pseudo' in /home/mit/Site/framework/system/Database/MySQLi/Connection.php:308
Stack trace:
#0 /home/mit/Site/framework/system/Database/MySQLi/Connection.php(308): mysqli->query()
#1 /home/mit/Site/framework/system/Database/BaseConnection.php(722): CodeIgniter\Database\MySQLi\Connection->execute()
#2 /home/mit/Site/framework/system/Database/BaseConnection.php(636): CodeIgniter\Database\BaseConnection->simpleQuery()
#3 /home/mit/Site/framework/system/Database/BaseBuilder.php(2325): CodeIgniter\Database\BaseConnection->query()
#4 /home/mit/Site/framework/system/Model.php(383): CodeIgniter\Database\BaseBuilder->insert()
#5 /home/mit/Site/framework/system/BaseModel.php(840): CodeIgniter\Model->doInsert()
#6 /home/mit/Site/framework/system/Model.php(791): CodeIgniter\BaseModel->insert()
#7 /home/mit/Site/framework/app/Models/EtudiantBDD/EtudiantBDD.php(19): CodeIgniter\Model->insert()
#8 /home/mit/Site/framework/app/Controllers/Etudiant.php(46): App\Models\EtudiantBDD\EtudiantBDD->insertData()
#9 /home/mit/Site/framework/system/CodeIgniter.php(933): App\Controllers\Etudiant->enregistrement()
#10 /home/mit/Site/framework/system/CodeIgniter.php(509): CodeIgniter\CodeIgniter->runController()
#11 /home/mit/Site/framework/system/CodeIgniter.php(355): CodeIgniter\CodeIgniter->handleRequest()
#12 /home/mit/Site/framework/system/Boot.php(312): CodeIgniter\CodeIgniter->run()
#13 /home/mit/Site/framework/system/Boot.php(67): CodeIgniter\Boot::runCodeIgniter()
#14 /home/mit/Site/framework/public/index.php(56): CodeIgniter\Boot::bootWeb()
#15 {main}
CRITICAL - 2024-04-26 08:11:09 --> CodeIgniter\Database\Exceptions\DatabaseException: Duplicate entry 'Manou' for key 'Etudiant.Pseudo'
[Method: POST, Route: Etudiant/enregistrement]
in SYSTEMPATH/Database/BaseConnection.php on line 676.
 1 SYSTEMPATH/Database/BaseBuilder.php(2325): CodeIgniter\Database\BaseConnection->query()
 2 SYSTEMPATH/Model.php(383): CodeIgniter\Database\BaseBuilder->insert()
 3 SYSTEMPATH/BaseModel.php(840): CodeIgniter\Model->doInsert()
 4 SYSTEMPATH/Model.php(791): CodeIgniter\BaseModel->insert()
 5 APPPATH/Models/EtudiantBDD/EtudiantBDD.php(19): CodeIgniter\Model->insert()
 6 APPPATH/Controllers/Etudiant.php(46): App\Models\EtudiantBDD\EtudiantBDD->insertData()
 7 SYSTEMPATH/CodeIgniter.php(933): App\Controllers\Etudiant->enregistrement()
 8 SYSTEMPATH/CodeIgniter.php(509): CodeIgniter\CodeIgniter->runController()
 9 SYSTEMPATH/CodeIgniter.php(355): CodeIgniter\CodeIgniter->handleRequest()
10 SYSTEMPATH/Boot.php(312): CodeIgniter\CodeIgniter->run()
11 SYSTEMPATH/Boot.php(67): CodeIgniter\Boot::runCodeIgniter()
12 FCPATH/index.php(56): CodeIgniter\Boot::bootWeb()
CRITICAL - 2024-04-26 08:11:09 --> [Caused by] CodeIgniter\Database\Exceptions\DatabaseException: Duplicate entry 'Manou' for key 'Etudiant.Pseudo'
in SYSTEMPATH/Database/MySQLi/Connection.php on line 313.
 1 SYSTEMPATH/Database/BaseConnection.php(722): CodeIgniter\Database\MySQLi\Connection->execute()
 2 SYSTEMPATH/Database/BaseConnection.php(636): CodeIgniter\Database\BaseConnection->simpleQuery()
 3 SYSTEMPATH/Database/BaseBuilder.php(2325): CodeIgniter\Database\BaseConnection->query()
 4 SYSTEMPATH/Model.php(383): CodeIgniter\Database\BaseBuilder->insert()
 5 SYSTEMPATH/BaseModel.php(840): CodeIgniter\Model->doInsert()
 6 SYSTEMPATH/Model.php(791): CodeIgniter\BaseModel->insert()
 7 APPPATH/Models/EtudiantBDD/EtudiantBDD.php(19): CodeIgniter\Model->insert()
 8 APPPATH/Controllers/Etudiant.php(46): App\Models\EtudiantBDD\EtudiantBDD->insertData()
 9 SYSTEMPATH/CodeIgniter.php(933): App\Controllers\Etudiant->enregistrement()
10 SYSTEMPATH/CodeIgniter.php(509): CodeIgniter\CodeIgniter->runController()
11 SYSTEMPATH/CodeIgniter.php(355): CodeIgniter\CodeIgniter->handleRequest()
12 SYSTEMPATH/Boot.php(312): CodeIgniter\CodeIgniter->run()
13 SYSTEMPATH/Boot.php(67): CodeIgniter\Boot::runCodeIgniter()
14 FCPATH/index.php(56): CodeIgniter\Boot::bootWeb()
CRITICAL - 2024-04-26 08:11:09 --> [Caused by] mysqli_sql_exception: Duplicate entry 'Manou' for key 'Etudiant.Pseudo'
in SYSTEMPATH/Database/MySQLi/Connection.php on line 308.
 1 SYSTEMPATH/Database/MySQLi/Connection.php(308): mysqli->query()
 2 SYSTEMPATH/Database/BaseConnection.php(722): CodeIgniter\Database\MySQLi\Connection->execute()
 3 SYSTEMPATH/Database/BaseConnection.php(636): CodeIgniter\Database\BaseConnection->simpleQuery()
 4 SYSTEMPATH/Database/BaseBuilder.php(2325): CodeIgniter\Database\BaseConnection->query()
 5 SYSTEMPATH/Model.php(383): CodeIgniter\Database\BaseBuilder->insert()
 6 SYSTEMPATH/BaseModel.php(840): CodeIgniter\Model->doInsert()
 7 SYSTEMPATH/Model.php(791): CodeIgniter\BaseModel->insert()
 8 APPPATH/Models/EtudiantBDD/EtudiantBDD.php(19): CodeIgniter\Model->insert()
 9 APPPATH/Controllers/Etudiant.php(46): App\Models\EtudiantBDD\EtudiantBDD->insertData()
10 SYSTEMPATH/CodeIgniter.php(933): App\Controllers\Etudiant->enregistrement()
11 SYSTEMPATH/CodeIgniter.php(509): CodeIgniter\CodeIgniter->runController()
12 SYSTEMPATH/CodeIgniter.php(355): CodeIgniter\CodeIgniter->handleRequest()
13 SYSTEMPATH/Boot.php(312): CodeIgniter\CodeIgniter->run()
14 SYSTEMPATH/Boot.php(67): CodeIgniter\Boot::runCodeIgniter()
15 FCPATH/index.php(56): CodeIgniter\Boot::bootWeb()
ERROR - 2024-04-26 08:13:45 --> mysqli_sql_exception: Duplicate entry 'Manou0' for key 'Etudiant.Pseudo' in /home/mit/Site/framework/system/Database/MySQLi/Connection.php:308
Stack trace:
#0 /home/mit/Site/framework/system/Database/MySQLi/Connection.php(308): mysqli->query()
#1 /home/mit/Site/framework/system/Database/BaseConnection.php(722): CodeIgniter\Database\MySQLi\Connection->execute()
#2 /home/mit/Site/framework/system/Database/BaseConnection.php(636): CodeIgniter\Database\BaseConnection->simpleQuery()
#3 /home/mit/Site/framework/system/Database/BaseBuilder.php(2325): CodeIgniter\Database\BaseConnection->query()
#4 /home/mit/Site/framework/system/Model.php(383): CodeIgniter\Database\BaseBuilder->insert()
#5 /home/mit/Site/framework/system/BaseModel.php(840): CodeIgniter\Model->doInsert()
#6 /home/mit/Site/framework/system/Model.php(791): CodeIgniter\BaseModel->insert()
#7 /home/mit/Site/framework/app/Models/EtudiantBDD/EtudiantBDD.php(19): CodeIgniter\Model->insert()
#8 /home/mit/Site/framework/app/Controllers/Etudiant.php(46): App\Models\EtudiantBDD\EtudiantBDD->insertData()
#9 /home/mit/Site/framework/system/CodeIgniter.php(933): App\Controllers\Etudiant->enregistrement()
#10 /home/mit/Site/framework/system/CodeIgniter.php(509): CodeIgniter\CodeIgniter->runController()
#11 /home/mit/Site/framework/system/CodeIgniter.php(355): CodeIgniter\CodeIgniter->handleRequest()
#12 /home/mit/Site/framework/system/Boot.php(312): CodeIgniter\CodeIgniter->run()
#13 /home/mit/Site/framework/system/Boot.php(67): CodeIgniter\Boot::runCodeIgniter()
#14 /home/mit/Site/framework/public/index.php(56): CodeIgniter\Boot::bootWeb()
#15 {main}
CRITICAL - 2024-04-26 08:13:45 --> CodeIgniter\Database\Exceptions\DatabaseException: Duplicate entry 'Manou0' for key 'Etudiant.Pseudo'
[Method: POST, Route: Etudiant/enregistrement]
in SYSTEMPATH/Database/BaseConnection.php on line 676.
 1 SYSTEMPATH/Database/BaseBuilder.php(2325): CodeIgniter\Database\BaseConnection->query()
 2 SYSTEMPATH/Model.php(383): CodeIgniter\Database\BaseBuilder->insert()
 3 SYSTEMPATH/BaseModel.php(840): CodeIgniter\Model->doInsert()
 4 SYSTEMPATH/Model.php(791): CodeIgniter\BaseModel->insert()
 5 APPPATH/Models/EtudiantBDD/EtudiantBDD.php(19): CodeIgniter\Model->insert()
 6 APPPATH/Controllers/Etudiant.php(46): App\Models\EtudiantBDD\EtudiantBDD->insertData()
 7 SYSTEMPATH/CodeIgniter.php(933): App\Controllers\Etudiant->enregistrement()
 8 SYSTEMPATH/CodeIgniter.php(509): CodeIgniter\CodeIgniter->runController()
 9 SYSTEMPATH/CodeIgniter.php(355): CodeIgniter\CodeIgniter->handleRequest()
10 SYSTEMPATH/Boot.php(312): CodeIgniter\CodeIgniter->run()
11 SYSTEMPATH/Boot.php(67): CodeIgniter\Boot::runCodeIgniter()
12 FCPATH/index.php(56): CodeIgniter\Boot::bootWeb()
CRITICAL - 2024-04-26 08:13:45 --> [Caused by] CodeIgniter\Database\Exceptions\DatabaseException: Duplicate entry 'Manou0' for key 'Etudiant.Pseudo'
in SYSTEMPATH/Database/MySQLi/Connection.php on line 313.
 1 SYSTEMPATH/Database/BaseConnection.php(722): CodeIgniter\Database\MySQLi\Connection->execute()
 2 SYSTEMPATH/Database/BaseConnection.php(636): CodeIgniter\Database\BaseConnection->simpleQuery()
 3 SYSTEMPATH/Database/BaseBuilder.php(2325): CodeIgniter\Database\BaseConnection->query()
 4 SYSTEMPATH/Model.php(383): CodeIgniter\Database\BaseBuilder->insert()
 5 SYSTEMPATH/BaseModel.php(840): CodeIgniter\Model->doInsert()
 6 SYSTEMPATH/Model.php(791): CodeIgniter\BaseModel->insert()
 7 APPPATH/Models/EtudiantBDD/EtudiantBDD.php(19): CodeIgniter\Model->insert()
 8 APPPATH/Controllers/Etudiant.php(46): App\Models\EtudiantBDD\EtudiantBDD->insertData()
 9 SYSTEMPATH/CodeIgniter.php(933): App\Controllers\Etudiant->enregistrement()
10 SYSTEMPATH/CodeIgniter.php(509): CodeIgniter\CodeIgniter->runController()
11 SYSTEMPATH/CodeIgniter.php(355): CodeIgniter\CodeIgniter->handleRequest()
12 SYSTEMPATH/Boot.php(312): CodeIgniter\CodeIgniter->run()
13 SYSTEMPATH/Boot.php(67): CodeIgniter\Boot::runCodeIgniter()
14 FCPATH/index.php(56): CodeIgniter\Boot::bootWeb()
CRITICAL - 2024-04-26 08:13:45 --> [Caused by] mysqli_sql_exception: Duplicate entry 'Manou0' for key 'Etudiant.Pseudo'
in SYSTEMPATH/Database/MySQLi/Connection.php on line 308.
 1 SYSTEMPATH/Database/MySQLi/Connection.php(308): mysqli->query()
 2 SYSTEMPATH/Database/BaseConnection.php(722): CodeIgniter\Database\MySQLi\Connection->execute()
 3 SYSTEMPATH/Database/BaseConnection.php(636): CodeIgniter\Database\BaseConnection->simpleQuery()
 4 SYSTEMPATH/Database/BaseBuilder.php(2325): CodeIgniter\Database\BaseConnection->query()
 5 SYSTEMPATH/Model.php(383): CodeIgniter\Database\BaseBuilder->insert()
 6 SYSTEMPATH/BaseModel.php(840): CodeIgniter\Model->doInsert()
 7 SYSTEMPATH/Model.php(791): CodeIgniter\BaseModel->insert()
 8 APPPATH/Models/EtudiantBDD/EtudiantBDD.php(19): CodeIgniter\Model->insert()
 9 APPPATH/Controllers/Etudiant.php(46): App\Models\EtudiantBDD\EtudiantBDD->insertData()
10 SYSTEMPATH/CodeIgniter.php(933): App\Controllers\Etudiant->enregistrement()
11 SYSTEMPATH/CodeIgniter.php(509): CodeIgniter\CodeIgniter->runController()
12 SYSTEMPATH/CodeIgniter.php(355): CodeIgniter\CodeIgniter->handleRequest()
13 SYSTEMPATH/Boot.php(312): CodeIgniter\CodeIgniter->run()
14 SYSTEMPATH/Boot.php(67): CodeIgniter\Boot::runCodeIgniter()
15 FCPATH/index.php(56): CodeIgniter\Boot::bootWeb()
