CRITICAL - 2024-04-17 10:19:39 --> Error: Class "App\Controllers\Controller" not found
[Method: GET, Route: Hello/key]
in APPPATH/Controllers/Hello.php on line 14.
 1 SYSTEMPATH/Autoloader/Autoloader.php(317): include_once()
 2 SYSTEMPATH/Autoloader/Autoloader.php(296): CodeIgniter\Autoloader\Autoloader->includeFile()
 3 SYSTEMPATH/Autoloader/Autoloader.php(272): CodeIgniter\Autoloader\Autoloader->loadInNamespace()
 4 [internal function]: CodeIgniter\Autoloader\Autoloader->loadClass()
 5 SYSTEMPATH/CodeIgniter.php(887): class_exists()
 6 SYSTEMPATH/CodeIgniter.php(496): CodeIgniter\CodeIgniter->startController()
 7 SYSTEMPATH/CodeIgniter.php(355): CodeIgniter\CodeIgniter->handleRequest()
 8 SYSTEMPATH/Boot.php(312): CodeIgniter\CodeIgniter->run()
 9 SYSTEMPATH/Boot.php(67): CodeIgniter\Boot::runCodeIgniter()
10 FCPATH/index.php(56): CodeIgniter\Boot::bootWeb()
CRITICAL - 2024-04-17 10:26:34 --> Error: Class "App\Controllers\Controller" not found
[Method: GET, Route: Hello/key]
in APPPATH/Controllers/Hello.php on line 14.
 1 SYSTEMPATH/Autoloader/Autoloader.php(317): include_once()
 2 SYSTEMPATH/Autoloader/Autoloader.php(296): CodeIgniter\Autoloader\Autoloader->includeFile()
 3 SYSTEMPATH/Autoloader/Autoloader.php(272): CodeIgniter\Autoloader\Autoloader->loadInNamespace()
 4 [internal function]: CodeIgniter\Autoloader\Autoloader->loadClass()
 5 SYSTEMPATH/CodeIgniter.php(887): class_exists()
 6 SYSTEMPATH/CodeIgniter.php(496): CodeIgniter\CodeIgniter->startController()
 7 SYSTEMPATH/CodeIgniter.php(355): CodeIgniter\CodeIgniter->handleRequest()
 8 SYSTEMPATH/Boot.php(312): CodeIgniter\CodeIgniter->run()
 9 SYSTEMPATH/Boot.php(67): CodeIgniter\Boot::runCodeIgniter()
10 FCPATH/index.php(56): CodeIgniter\Boot::bootWeb()
CRITICAL - 2024-04-17 10:26:41 --> Error: Class "App\Controllers\Controller" not found
[Method: GET, Route: Hello/key]
in APPPATH/Controllers/Hello.php on line 14.
 1 SYSTEMPATH/Autoloader/Autoloader.php(317): include_once()
 2 SYSTEMPATH/Autoloader/Autoloader.php(296): CodeIgniter\Autoloader\Autoloader->includeFile()
 3 SYSTEMPATH/Autoloader/Autoloader.php(272): CodeIgniter\Autoloader\Autoloader->loadInNamespace()
 4 [internal function]: CodeIgniter\Autoloader\Autoloader->loadClass()
 5 SYSTEMPATH/CodeIgniter.php(887): class_exists()
 6 SYSTEMPATH/CodeIgniter.php(496): CodeIgniter\CodeIgniter->startController()
 7 SYSTEMPATH/CodeIgniter.php(355): CodeIgniter\CodeIgniter->handleRequest()
 8 SYSTEMPATH/Boot.php(312): CodeIgniter\CodeIgniter->run()
 9 SYSTEMPATH/Boot.php(67): CodeIgniter\Boot::runCodeIgniter()
10 FCPATH/index.php(56): CodeIgniter\Boot::bootWeb()
CRITICAL - 2024-04-17 10:26:46 --> Error: Class "App\Controllers\Controller" not found
[Method: GET, Route: Hello/key]
in APPPATH/Controllers/Hello.php on line 14.
 1 SYSTEMPATH/Autoloader/Autoloader.php(317): include_once()
 2 SYSTEMPATH/Autoloader/Autoloader.php(296): CodeIgniter\Autoloader\Autoloader->includeFile()
 3 SYSTEMPATH/Autoloader/Autoloader.php(272): CodeIgniter\Autoloader\Autoloader->loadInNamespace()
 4 [internal function]: CodeIgniter\Autoloader\Autoloader->loadClass()
 5 SYSTEMPATH/CodeIgniter.php(887): class_exists()
 6 SYSTEMPATH/CodeIgniter.php(496): CodeIgniter\CodeIgniter->startController()
 7 SYSTEMPATH/CodeIgniter.php(355): CodeIgniter\CodeIgniter->handleRequest()
 8 SYSTEMPATH/Boot.php(312): CodeIgniter\CodeIgniter->run()
 9 SYSTEMPATH/Boot.php(67): CodeIgniter\Boot::runCodeIgniter()
10 FCPATH/index.php(56): CodeIgniter\Boot::bootWeb()
CRITICAL - 2024-04-17 10:27:34 --> Error: Class "App\Controllers\Controller" not found
[Method: GET, Route: Hello/key]
in APPPATH/Controllers/Hello.php on line 14.
 1 SYSTEMPATH/Autoloader/Autoloader.php(317): include_once()
 2 SYSTEMPATH/Autoloader/Autoloader.php(296): CodeIgniter\Autoloader\Autoloader->includeFile()
 3 SYSTEMPATH/Autoloader/Autoloader.php(272): CodeIgniter\Autoloader\Autoloader->loadInNamespace()
 4 [internal function]: CodeIgniter\Autoloader\Autoloader->loadClass()
 5 SYSTEMPATH/CodeIgniter.php(887): class_exists()
 6 SYSTEMPATH/CodeIgniter.php(496): CodeIgniter\CodeIgniter->startController()
 7 SYSTEMPATH/CodeIgniter.php(355): CodeIgniter\CodeIgniter->handleRequest()
 8 SYSTEMPATH/Boot.php(312): CodeIgniter\CodeIgniter->run()
 9 SYSTEMPATH/Boot.php(67): CodeIgniter\Boot::runCodeIgniter()
10 FCPATH/index.php(56): CodeIgniter\Boot::bootWeb()
CRITICAL - 2024-04-17 10:27:35 --> Error: Class "App\Controllers\Controller" not found
[Method: GET, Route: Hello/key]
in APPPATH/Controllers/Hello.php on line 14.
 1 SYSTEMPATH/Autoloader/Autoloader.php(317): include_once()
 2 SYSTEMPATH/Autoloader/Autoloader.php(296): CodeIgniter\Autoloader\Autoloader->includeFile()
 3 SYSTEMPATH/Autoloader/Autoloader.php(272): CodeIgniter\Autoloader\Autoloader->loadInNamespace()
 4 [internal function]: CodeIgniter\Autoloader\Autoloader->loadClass()
 5 SYSTEMPATH/CodeIgniter.php(887): class_exists()
 6 SYSTEMPATH/CodeIgniter.php(496): CodeIgniter\CodeIgniter->startController()
 7 SYSTEMPATH/CodeIgniter.php(355): CodeIgniter\CodeIgniter->handleRequest()
 8 SYSTEMPATH/Boot.php(312): CodeIgniter\CodeIgniter->run()
 9 SYSTEMPATH/Boot.php(67): CodeIgniter\Boot::runCodeIgniter()
10 FCPATH/index.php(56): CodeIgniter\Boot::bootWeb()
CRITICAL - 2024-04-17 10:27:36 --> Error: Class "App\Controllers\Controller" not found
[Method: GET, Route: Hello/key]
in APPPATH/Controllers/Hello.php on line 14.
 1 SYSTEMPATH/Autoloader/Autoloader.php(317): include_once()
 2 SYSTEMPATH/Autoloader/Autoloader.php(296): CodeIgniter\Autoloader\Autoloader->includeFile()
 3 SYSTEMPATH/Autoloader/Autoloader.php(272): CodeIgniter\Autoloader\Autoloader->loadInNamespace()
 4 [internal function]: CodeIgniter\Autoloader\Autoloader->loadClass()
 5 SYSTEMPATH/CodeIgniter.php(887): class_exists()
 6 SYSTEMPATH/CodeIgniter.php(496): CodeIgniter\CodeIgniter->startController()
 7 SYSTEMPATH/CodeIgniter.php(355): CodeIgniter\CodeIgniter->handleRequest()
 8 SYSTEMPATH/Boot.php(312): CodeIgniter\CodeIgniter->run()
 9 SYSTEMPATH/Boot.php(67): CodeIgniter\Boot::runCodeIgniter()
10 FCPATH/index.php(56): CodeIgniter\Boot::bootWeb()
CRITICAL - 2024-04-17 10:27:36 --> Error: Class "App\Controllers\Controller" not found
[Method: GET, Route: Hello/key]
in APPPATH/Controllers/Hello.php on line 14.
 1 SYSTEMPATH/Autoloader/Autoloader.php(317): include_once()
 2 SYSTEMPATH/Autoloader/Autoloader.php(296): CodeIgniter\Autoloader\Autoloader->includeFile()
 3 SYSTEMPATH/Autoloader/Autoloader.php(272): CodeIgniter\Autoloader\Autoloader->loadInNamespace()
 4 [internal function]: CodeIgniter\Autoloader\Autoloader->loadClass()
 5 SYSTEMPATH/CodeIgniter.php(887): class_exists()
 6 SYSTEMPATH/CodeIgniter.php(496): CodeIgniter\CodeIgniter->startController()
 7 SYSTEMPATH/CodeIgniter.php(355): CodeIgniter\CodeIgniter->handleRequest()
 8 SYSTEMPATH/Boot.php(312): CodeIgniter\CodeIgniter->run()
 9 SYSTEMPATH/Boot.php(67): CodeIgniter\Boot::runCodeIgniter()
10 FCPATH/index.php(56): CodeIgniter\Boot::bootWeb()
CRITICAL - 2024-04-17 10:27:36 --> Error: Class "App\Controllers\Controller" not found
[Method: GET, Route: Hello/key]
in APPPATH/Controllers/Hello.php on line 14.
 1 SYSTEMPATH/Autoloader/Autoloader.php(317): include_once()
 2 SYSTEMPATH/Autoloader/Autoloader.php(296): CodeIgniter\Autoloader\Autoloader->includeFile()
 3 SYSTEMPATH/Autoloader/Autoloader.php(272): CodeIgniter\Autoloader\Autoloader->loadInNamespace()
 4 [internal function]: CodeIgniter\Autoloader\Autoloader->loadClass()
 5 SYSTEMPATH/CodeIgniter.php(887): class_exists()
 6 SYSTEMPATH/CodeIgniter.php(496): CodeIgniter\CodeIgniter->startController()
 7 SYSTEMPATH/CodeIgniter.php(355): CodeIgniter\CodeIgniter->handleRequest()
 8 SYSTEMPATH/Boot.php(312): CodeIgniter\CodeIgniter->run()
 9 SYSTEMPATH/Boot.php(67): CodeIgniter\Boot::runCodeIgniter()
10 FCPATH/index.php(56): CodeIgniter\Boot::bootWeb()
CRITICAL - 2024-04-17 10:27:37 --> Error: Class "App\Controllers\Controller" not found
[Method: GET, Route: Hello/key]
in APPPATH/Controllers/Hello.php on line 14.
 1 SYSTEMPATH/Autoloader/Autoloader.php(317): include_once()
 2 SYSTEMPATH/Autoloader/Autoloader.php(296): CodeIgniter\Autoloader\Autoloader->includeFile()
 3 SYSTEMPATH/Autoloader/Autoloader.php(272): CodeIgniter\Autoloader\Autoloader->loadInNamespace()
 4 [internal function]: CodeIgniter\Autoloader\Autoloader->loadClass()
 5 SYSTEMPATH/CodeIgniter.php(887): class_exists()
 6 SYSTEMPATH/CodeIgniter.php(496): CodeIgniter\CodeIgniter->startController()
 7 SYSTEMPATH/CodeIgniter.php(355): CodeIgniter\CodeIgniter->handleRequest()
 8 SYSTEMPATH/Boot.php(312): CodeIgniter\CodeIgniter->run()
 9 SYSTEMPATH/Boot.php(67): CodeIgniter\Boot::runCodeIgniter()
10 FCPATH/index.php(56): CodeIgniter\Boot::bootWeb()
CRITICAL - 2024-04-17 10:27:37 --> Error: Class "App\Controllers\Controller" not found
[Method: GET, Route: Hello/key]
in APPPATH/Controllers/Hello.php on line 14.
 1 SYSTEMPATH/Autoloader/Autoloader.php(317): include_once()
 2 SYSTEMPATH/Autoloader/Autoloader.php(296): CodeIgniter\Autoloader\Autoloader->includeFile()
 3 SYSTEMPATH/Autoloader/Autoloader.php(272): CodeIgniter\Autoloader\Autoloader->loadInNamespace()
 4 [internal function]: CodeIgniter\Autoloader\Autoloader->loadClass()
 5 SYSTEMPATH/CodeIgniter.php(887): class_exists()
 6 SYSTEMPATH/CodeIgniter.php(496): CodeIgniter\CodeIgniter->startController()
 7 SYSTEMPATH/CodeIgniter.php(355): CodeIgniter\CodeIgniter->handleRequest()
 8 SYSTEMPATH/Boot.php(312): CodeIgniter\CodeIgniter->run()
 9 SYSTEMPATH/Boot.php(67): CodeIgniter\Boot::runCodeIgniter()
10 FCPATH/index.php(56): CodeIgniter\Boot::bootWeb()
CRITICAL - 2024-04-17 10:27:37 --> Error: Class "App\Controllers\Controller" not found
[Method: GET, Route: Hello/key]
in APPPATH/Controllers/Hello.php on line 14.
 1 SYSTEMPATH/Autoloader/Autoloader.php(317): include_once()
 2 SYSTEMPATH/Autoloader/Autoloader.php(296): CodeIgniter\Autoloader\Autoloader->includeFile()
 3 SYSTEMPATH/Autoloader/Autoloader.php(272): CodeIgniter\Autoloader\Autoloader->loadInNamespace()
 4 [internal function]: CodeIgniter\Autoloader\Autoloader->loadClass()
 5 SYSTEMPATH/CodeIgniter.php(887): class_exists()
 6 SYSTEMPATH/CodeIgniter.php(496): CodeIgniter\CodeIgniter->startController()
 7 SYSTEMPATH/CodeIgniter.php(355): CodeIgniter\CodeIgniter->handleRequest()
 8 SYSTEMPATH/Boot.php(312): CodeIgniter\CodeIgniter->run()
 9 SYSTEMPATH/Boot.php(67): CodeIgniter\Boot::runCodeIgniter()
10 FCPATH/index.php(56): CodeIgniter\Boot::bootWeb()
CRITICAL - 2024-04-17 10:27:37 --> Error: Class "App\Controllers\Controller" not found
[Method: GET, Route: Hello/key]
in APPPATH/Controllers/Hello.php on line 14.
 1 SYSTEMPATH/Autoloader/Autoloader.php(317): include_once()
 2 SYSTEMPATH/Autoloader/Autoloader.php(296): CodeIgniter\Autoloader\Autoloader->includeFile()
 3 SYSTEMPATH/Autoloader/Autoloader.php(272): CodeIgniter\Autoloader\Autoloader->loadInNamespace()
 4 [internal function]: CodeIgniter\Autoloader\Autoloader->loadClass()
 5 SYSTEMPATH/CodeIgniter.php(887): class_exists()
 6 SYSTEMPATH/CodeIgniter.php(496): CodeIgniter\CodeIgniter->startController()
 7 SYSTEMPATH/CodeIgniter.php(355): CodeIgniter\CodeIgniter->handleRequest()
 8 SYSTEMPATH/Boot.php(312): CodeIgniter\CodeIgniter->run()
 9 SYSTEMPATH/Boot.php(67): CodeIgniter\Boot::runCodeIgniter()
10 FCPATH/index.php(56): CodeIgniter\Boot::bootWeb()
CRITICAL - 2024-04-17 10:27:37 --> Error: Class "App\Controllers\Controller" not found
[Method: GET, Route: Hello/key]
in APPPATH/Controllers/Hello.php on line 14.
 1 SYSTEMPATH/Autoloader/Autoloader.php(317): include_once()
 2 SYSTEMPATH/Autoloader/Autoloader.php(296): CodeIgniter\Autoloader\Autoloader->includeFile()
 3 SYSTEMPATH/Autoloader/Autoloader.php(272): CodeIgniter\Autoloader\Autoloader->loadInNamespace()
 4 [internal function]: CodeIgniter\Autoloader\Autoloader->loadClass()
 5 SYSTEMPATH/CodeIgniter.php(887): class_exists()
 6 SYSTEMPATH/CodeIgniter.php(496): CodeIgniter\CodeIgniter->startController()
 7 SYSTEMPATH/CodeIgniter.php(355): CodeIgniter\CodeIgniter->handleRequest()
 8 SYSTEMPATH/Boot.php(312): CodeIgniter\CodeIgniter->run()
 9 SYSTEMPATH/Boot.php(67): CodeIgniter\Boot::runCodeIgniter()
10 FCPATH/index.php(56): CodeIgniter\Boot::bootWeb()
CRITICAL - 2024-04-17 10:27:38 --> Error: Class "App\Controllers\Controller" not found
[Method: GET, Route: Hello/key]
in APPPATH/Controllers/Hello.php on line 14.
 1 SYSTEMPATH/Autoloader/Autoloader.php(317): include_once()
 2 SYSTEMPATH/Autoloader/Autoloader.php(296): CodeIgniter\Autoloader\Autoloader->includeFile()
 3 SYSTEMPATH/Autoloader/Autoloader.php(272): CodeIgniter\Autoloader\Autoloader->loadInNamespace()
 4 [internal function]: CodeIgniter\Autoloader\Autoloader->loadClass()
 5 SYSTEMPATH/CodeIgniter.php(887): class_exists()
 6 SYSTEMPATH/CodeIgniter.php(496): CodeIgniter\CodeIgniter->startController()
 7 SYSTEMPATH/CodeIgniter.php(355): CodeIgniter\CodeIgniter->handleRequest()
 8 SYSTEMPATH/Boot.php(312): CodeIgniter\CodeIgniter->run()
 9 SYSTEMPATH/Boot.php(67): CodeIgniter\Boot::runCodeIgniter()
10 FCPATH/index.php(56): CodeIgniter\Boot::bootWeb()
CRITICAL - 2024-04-17 10:27:38 --> Error: Class "App\Controllers\Controller" not found
[Method: GET, Route: Hello/key]
in APPPATH/Controllers/Hello.php on line 14.
 1 SYSTEMPATH/Autoloader/Autoloader.php(317): include_once()
 2 SYSTEMPATH/Autoloader/Autoloader.php(296): CodeIgniter\Autoloader\Autoloader->includeFile()
 3 SYSTEMPATH/Autoloader/Autoloader.php(272): CodeIgniter\Autoloader\Autoloader->loadInNamespace()
 4 [internal function]: CodeIgniter\Autoloader\Autoloader->loadClass()
 5 SYSTEMPATH/CodeIgniter.php(887): class_exists()
 6 SYSTEMPATH/CodeIgniter.php(496): CodeIgniter\CodeIgniter->startController()
 7 SYSTEMPATH/CodeIgniter.php(355): CodeIgniter\CodeIgniter->handleRequest()
 8 SYSTEMPATH/Boot.php(312): CodeIgniter\CodeIgniter->run()
 9 SYSTEMPATH/Boot.php(67): CodeIgniter\Boot::runCodeIgniter()
10 FCPATH/index.php(56): CodeIgniter\Boot::bootWeb()
CRITICAL - 2024-04-17 10:27:38 --> Error: Class "App\Controllers\Controller" not found
[Method: GET, Route: Hello/key]
in APPPATH/Controllers/Hello.php on line 14.
 1 SYSTEMPATH/Autoloader/Autoloader.php(317): include_once()
 2 SYSTEMPATH/Autoloader/Autoloader.php(296): CodeIgniter\Autoloader\Autoloader->includeFile()
 3 SYSTEMPATH/Autoloader/Autoloader.php(272): CodeIgniter\Autoloader\Autoloader->loadInNamespace()
 4 [internal function]: CodeIgniter\Autoloader\Autoloader->loadClass()
 5 SYSTEMPATH/CodeIgniter.php(887): class_exists()
 6 SYSTEMPATH/CodeIgniter.php(496): CodeIgniter\CodeIgniter->startController()
 7 SYSTEMPATH/CodeIgniter.php(355): CodeIgniter\CodeIgniter->handleRequest()
 8 SYSTEMPATH/Boot.php(312): CodeIgniter\CodeIgniter->run()
 9 SYSTEMPATH/Boot.php(67): CodeIgniter\Boot::runCodeIgniter()
10 FCPATH/index.php(56): CodeIgniter\Boot::bootWeb()
CRITICAL - 2024-04-17 10:27:38 --> Error: Class "App\Controllers\Controller" not found
[Method: GET, Route: Hello/key]
in APPPATH/Controllers/Hello.php on line 14.
 1 SYSTEMPATH/Autoloader/Autoloader.php(317): include_once()
 2 SYSTEMPATH/Autoloader/Autoloader.php(296): CodeIgniter\Autoloader\Autoloader->includeFile()
 3 SYSTEMPATH/Autoloader/Autoloader.php(272): CodeIgniter\Autoloader\Autoloader->loadInNamespace()
 4 [internal function]: CodeIgniter\Autoloader\Autoloader->loadClass()
 5 SYSTEMPATH/CodeIgniter.php(887): class_exists()
 6 SYSTEMPATH/CodeIgniter.php(496): CodeIgniter\CodeIgniter->startController()
 7 SYSTEMPATH/CodeIgniter.php(355): CodeIgniter\CodeIgniter->handleRequest()
 8 SYSTEMPATH/Boot.php(312): CodeIgniter\CodeIgniter->run()
 9 SYSTEMPATH/Boot.php(67): CodeIgniter\Boot::runCodeIgniter()
10 FCPATH/index.php(56): CodeIgniter\Boot::bootWeb()
CRITICAL - 2024-04-17 10:27:38 --> Error: Class "App\Controllers\Controller" not found
[Method: GET, Route: Hello/key]
in APPPATH/Controllers/Hello.php on line 14.
 1 SYSTEMPATH/Autoloader/Autoloader.php(317): include_once()
 2 SYSTEMPATH/Autoloader/Autoloader.php(296): CodeIgniter\Autoloader\Autoloader->includeFile()
 3 SYSTEMPATH/Autoloader/Autoloader.php(272): CodeIgniter\Autoloader\Autoloader->loadInNamespace()
 4 [internal function]: CodeIgniter\Autoloader\Autoloader->loadClass()
 5 SYSTEMPATH/CodeIgniter.php(887): class_exists()
 6 SYSTEMPATH/CodeIgniter.php(496): CodeIgniter\CodeIgniter->startController()
 7 SYSTEMPATH/CodeIgniter.php(355): CodeIgniter\CodeIgniter->handleRequest()
 8 SYSTEMPATH/Boot.php(312): CodeIgniter\CodeIgniter->run()
 9 SYSTEMPATH/Boot.php(67): CodeIgniter\Boot::runCodeIgniter()
10 FCPATH/index.php(56): CodeIgniter\Boot::bootWeb()
CRITICAL - 2024-04-17 10:27:39 --> Error: Class "App\Controllers\Controller" not found
[Method: GET, Route: Hello/key]
in APPPATH/Controllers/Hello.php on line 14.
 1 SYSTEMPATH/Autoloader/Autoloader.php(317): include_once()
 2 SYSTEMPATH/Autoloader/Autoloader.php(296): CodeIgniter\Autoloader\Autoloader->includeFile()
 3 SYSTEMPATH/Autoloader/Autoloader.php(272): CodeIgniter\Autoloader\Autoloader->loadInNamespace()
 4 [internal function]: CodeIgniter\Autoloader\Autoloader->loadClass()
 5 SYSTEMPATH/CodeIgniter.php(887): class_exists()
 6 SYSTEMPATH/CodeIgniter.php(496): CodeIgniter\CodeIgniter->startController()
 7 SYSTEMPATH/CodeIgniter.php(355): CodeIgniter\CodeIgniter->handleRequest()
 8 SYSTEMPATH/Boot.php(312): CodeIgniter\CodeIgniter->run()
 9 SYSTEMPATH/Boot.php(67): CodeIgniter\Boot::runCodeIgniter()
10 FCPATH/index.php(56): CodeIgniter\Boot::bootWeb()
CRITICAL - 2024-04-17 10:27:40 --> Error: Class "App\Controllers\Controller" not found
[Method: GET, Route: Hello/key]
in APPPATH/Controllers/Hello.php on line 14.
 1 SYSTEMPATH/Autoloader/Autoloader.php(317): include_once()
 2 SYSTEMPATH/Autoloader/Autoloader.php(296): CodeIgniter\Autoloader\Autoloader->includeFile()
 3 SYSTEMPATH/Autoloader/Autoloader.php(272): CodeIgniter\Autoloader\Autoloader->loadInNamespace()
 4 [internal function]: CodeIgniter\Autoloader\Autoloader->loadClass()
 5 SYSTEMPATH/CodeIgniter.php(887): class_exists()
 6 SYSTEMPATH/CodeIgniter.php(496): CodeIgniter\CodeIgniter->startController()
 7 SYSTEMPATH/CodeIgniter.php(355): CodeIgniter\CodeIgniter->handleRequest()
 8 SYSTEMPATH/Boot.php(312): CodeIgniter\CodeIgniter->run()
 9 SYSTEMPATH/Boot.php(67): CodeIgniter\Boot::runCodeIgniter()
10 FCPATH/index.php(56): CodeIgniter\Boot::bootWeb()
CRITICAL - 2024-04-17 10:27:59 --> Error: Class "App\Controllers\Controller" not found
[Method: GET, Route: Hello/key]
in APPPATH/Controllers/Hello.php on line 14.
 1 SYSTEMPATH/Autoloader/Autoloader.php(317): include_once()
 2 SYSTEMPATH/Autoloader/Autoloader.php(296): CodeIgniter\Autoloader\Autoloader->includeFile()
 3 SYSTEMPATH/Autoloader/Autoloader.php(272): CodeIgniter\Autoloader\Autoloader->loadInNamespace()
 4 [internal function]: CodeIgniter\Autoloader\Autoloader->loadClass()
 5 SYSTEMPATH/CodeIgniter.php(887): class_exists()
 6 SYSTEMPATH/CodeIgniter.php(496): CodeIgniter\CodeIgniter->startController()
 7 SYSTEMPATH/CodeIgniter.php(355): CodeIgniter\CodeIgniter->handleRequest()
 8 SYSTEMPATH/Boot.php(312): CodeIgniter\CodeIgniter->run()
 9 SYSTEMPATH/Boot.php(67): CodeIgniter\Boot::runCodeIgniter()
10 FCPATH/index.php(56): CodeIgniter\Boot::bootWeb()
CRITICAL - 2024-04-17 10:28:00 --> Error: Class "App\Controllers\Controller" not found
[Method: GET, Route: Hello/key]
in APPPATH/Controllers/Hello.php on line 14.
 1 SYSTEMPATH/Autoloader/Autoloader.php(317): include_once()
 2 SYSTEMPATH/Autoloader/Autoloader.php(296): CodeIgniter\Autoloader\Autoloader->includeFile()
 3 SYSTEMPATH/Autoloader/Autoloader.php(272): CodeIgniter\Autoloader\Autoloader->loadInNamespace()
 4 [internal function]: CodeIgniter\Autoloader\Autoloader->loadClass()
 5 SYSTEMPATH/CodeIgniter.php(887): class_exists()
 6 SYSTEMPATH/CodeIgniter.php(496): CodeIgniter\CodeIgniter->startController()
 7 SYSTEMPATH/CodeIgniter.php(355): CodeIgniter\CodeIgniter->handleRequest()
 8 SYSTEMPATH/Boot.php(312): CodeIgniter\CodeIgniter->run()
 9 SYSTEMPATH/Boot.php(67): CodeIgniter\Boot::runCodeIgniter()
10 FCPATH/index.php(56): CodeIgniter\Boot::bootWeb()
CRITICAL - 2024-04-17 10:28:01 --> Error: Class "App\Controllers\Controller" not found
[Method: GET, Route: Hello/key]
in APPPATH/Controllers/Hello.php on line 14.
 1 SYSTEMPATH/Autoloader/Autoloader.php(317): include_once()
 2 SYSTEMPATH/Autoloader/Autoloader.php(296): CodeIgniter\Autoloader\Autoloader->includeFile()
 3 SYSTEMPATH/Autoloader/Autoloader.php(272): CodeIgniter\Autoloader\Autoloader->loadInNamespace()
 4 [internal function]: CodeIgniter\Autoloader\Autoloader->loadClass()
 5 SYSTEMPATH/CodeIgniter.php(887): class_exists()
 6 SYSTEMPATH/CodeIgniter.php(496): CodeIgniter\CodeIgniter->startController()
 7 SYSTEMPATH/CodeIgniter.php(355): CodeIgniter\CodeIgniter->handleRequest()
 8 SYSTEMPATH/Boot.php(312): CodeIgniter\CodeIgniter->run()
 9 SYSTEMPATH/Boot.php(67): CodeIgniter\Boot::runCodeIgniter()
10 FCPATH/index.php(56): CodeIgniter\Boot::bootWeb()
CRITICAL - 2024-04-17 10:28:01 --> Error: Class "App\Controllers\Controller" not found
[Method: GET, Route: Hello/key]
in APPPATH/Controllers/Hello.php on line 14.
 1 SYSTEMPATH/Autoloader/Autoloader.php(317): include_once()
 2 SYSTEMPATH/Autoloader/Autoloader.php(296): CodeIgniter\Autoloader\Autoloader->includeFile()
 3 SYSTEMPATH/Autoloader/Autoloader.php(272): CodeIgniter\Autoloader\Autoloader->loadInNamespace()
 4 [internal function]: CodeIgniter\Autoloader\Autoloader->loadClass()
 5 SYSTEMPATH/CodeIgniter.php(887): class_exists()
 6 SYSTEMPATH/CodeIgniter.php(496): CodeIgniter\CodeIgniter->startController()
 7 SYSTEMPATH/CodeIgniter.php(355): CodeIgniter\CodeIgniter->handleRequest()
 8 SYSTEMPATH/Boot.php(312): CodeIgniter\CodeIgniter->run()
 9 SYSTEMPATH/Boot.php(67): CodeIgniter\Boot::runCodeIgniter()
10 FCPATH/index.php(56): CodeIgniter\Boot::bootWeb()
CRITICAL - 2024-04-17 10:28:04 --> Error: Class "App\Controllers\Controller" not found
[Method: GET, Route: Hello/key]
in APPPATH/Controllers/Hello.php on line 14.
 1 SYSTEMPATH/Autoloader/Autoloader.php(317): include_once()
 2 SYSTEMPATH/Autoloader/Autoloader.php(296): CodeIgniter\Autoloader\Autoloader->includeFile()
 3 SYSTEMPATH/Autoloader/Autoloader.php(272): CodeIgniter\Autoloader\Autoloader->loadInNamespace()
 4 [internal function]: CodeIgniter\Autoloader\Autoloader->loadClass()
 5 SYSTEMPATH/CodeIgniter.php(887): class_exists()
 6 SYSTEMPATH/CodeIgniter.php(496): CodeIgniter\CodeIgniter->startController()
 7 SYSTEMPATH/CodeIgniter.php(355): CodeIgniter\CodeIgniter->handleRequest()
 8 SYSTEMPATH/Boot.php(312): CodeIgniter\CodeIgniter->run()
 9 SYSTEMPATH/Boot.php(67): CodeIgniter\Boot::runCodeIgniter()
10 FCPATH/index.php(56): CodeIgniter\Boot::bootWeb()
CRITICAL - 2024-04-17 10:28:06 --> Error: Class "App\Controllers\Controller" not found
[Method: GET, Route: Hello/key]
in APPPATH/Controllers/Hello.php on line 14.
 1 SYSTEMPATH/Autoloader/Autoloader.php(317): include_once()
 2 SYSTEMPATH/Autoloader/Autoloader.php(296): CodeIgniter\Autoloader\Autoloader->includeFile()
 3 SYSTEMPATH/Autoloader/Autoloader.php(272): CodeIgniter\Autoloader\Autoloader->loadInNamespace()
 4 [internal function]: CodeIgniter\Autoloader\Autoloader->loadClass()
 5 SYSTEMPATH/CodeIgniter.php(887): class_exists()
 6 SYSTEMPATH/CodeIgniter.php(496): CodeIgniter\CodeIgniter->startController()
 7 SYSTEMPATH/CodeIgniter.php(355): CodeIgniter\CodeIgniter->handleRequest()
 8 SYSTEMPATH/Boot.php(312): CodeIgniter\CodeIgniter->run()
 9 SYSTEMPATH/Boot.php(67): CodeIgniter\Boot::runCodeIgniter()
10 FCPATH/index.php(56): CodeIgniter\Boot::bootWeb()
CRITICAL - 2024-04-17 10:28:08 --> Error: Class "App\Controllers\Controller" not found
[Method: GET, Route: Hello/key]
in APPPATH/Controllers/Hello.php on line 14.
 1 SYSTEMPATH/Autoloader/Autoloader.php(317): include_once()
 2 SYSTEMPATH/Autoloader/Autoloader.php(296): CodeIgniter\Autoloader\Autoloader->includeFile()
 3 SYSTEMPATH/Autoloader/Autoloader.php(272): CodeIgniter\Autoloader\Autoloader->loadInNamespace()
 4 [internal function]: CodeIgniter\Autoloader\Autoloader->loadClass()
 5 SYSTEMPATH/CodeIgniter.php(887): class_exists()
 6 SYSTEMPATH/CodeIgniter.php(496): CodeIgniter\CodeIgniter->startController()
 7 SYSTEMPATH/CodeIgniter.php(355): CodeIgniter\CodeIgniter->handleRequest()
 8 SYSTEMPATH/Boot.php(312): CodeIgniter\CodeIgniter->run()
 9 SYSTEMPATH/Boot.php(67): CodeIgniter\Boot::runCodeIgniter()
10 FCPATH/index.php(56): CodeIgniter\Boot::bootWeb()
