ERROR - 2024-04-25 06:13:49 --> mysqli_sql_exception: Unknown column 'id' in 'where clause' in /home/mit/Site/framework/system/Database/MySQLi/Connection.php:308
Stack trace:
#0 /home/mit/Site/framework/system/Database/MySQLi/Connection.php(308): mysqli->query()
#1 /home/mit/Site/framework/system/Database/BaseConnection.php(722): CodeIgniter\Database\MySQLi\Connection->execute()
#2 /home/mit/Site/framework/system/Database/BaseConnection.php(636): CodeIgniter\Database\BaseConnection->simpleQuery()
#3 /home/mit/Site/framework/system/Database/BaseBuilder.php(2823): CodeIgniter\Database\BaseConnection->query()
#4 /home/mit/Site/framework/system/Model.php(510): CodeIgniter\Database\BaseBuilder->delete()
#5 /home/mit/Site/framework/system/BaseModel.php(1158): CodeIgniter\Model->doDelete()
#6 /home/mit/Site/framework/app/Models/EtudiantBDD.php(23): CodeIgniter\BaseModel->delete()
#7 /home/mit/Site/framework/app/Controllers/Etudiant.php(56): App\Models\EtudiantBDD->supprimer()
#8 /home/mit/Site/framework/system/CodeIgniter.php(933): App\Controllers\Etudiant->Supprimer()
#9 /home/mit/Site/framework/system/CodeIgniter.php(509): CodeIgniter\CodeIgniter->runController()
#10 /home/mit/Site/framework/system/CodeIgniter.php(355): CodeIgniter\CodeIgniter->handleRequest()
#11 /home/mit/Site/framework/system/Boot.php(312): CodeIgniter\CodeIgniter->run()
#12 /home/mit/Site/framework/system/Boot.php(67): CodeIgniter\Boot::runCodeIgniter()
#13 /home/mit/Site/framework/public/index.php(56): CodeIgniter\Boot::bootWeb()
#14 {main}
CRITICAL - 2024-04-25 06:13:49 --> CodeIgniter\Database\Exceptions\DatabaseException: Unknown column 'id' in 'where clause'
[Method: GET, Route: Etudiant/Supprimer]
in SYSTEMPATH/Database/BaseConnection.php on line 676.
 1 SYSTEMPATH/Database/BaseBuilder.php(2823): CodeIgniter\Database\BaseConnection->query()
 2 SYSTEMPATH/Model.php(510): CodeIgniter\Database\BaseBuilder->delete()
 3 SYSTEMPATH/BaseModel.php(1158): CodeIgniter\Model->doDelete()
 4 APPPATH/Models/EtudiantBDD.php(23): CodeIgniter\BaseModel->delete()
 5 APPPATH/Controllers/Etudiant.php(56): App\Models\EtudiantBDD->supprimer()
 6 SYSTEMPATH/CodeIgniter.php(933): App\Controllers\Etudiant->Supprimer()
 7 SYSTEMPATH/CodeIgniter.php(509): CodeIgniter\CodeIgniter->runController()
 8 SYSTEMPATH/CodeIgniter.php(355): CodeIgniter\CodeIgniter->handleRequest()
 9 SYSTEMPATH/Boot.php(312): CodeIgniter\CodeIgniter->run()
10 SYSTEMPATH/Boot.php(67): CodeIgniter\Boot::runCodeIgniter()
11 FCPATH/index.php(56): CodeIgniter\Boot::bootWeb()
CRITICAL - 2024-04-25 06:13:49 --> [Caused by] CodeIgniter\Database\Exceptions\DatabaseException: Unknown column 'id' in 'where clause'
in SYSTEMPATH/Database/MySQLi/Connection.php on line 313.
 1 SYSTEMPATH/Database/BaseConnection.php(722): CodeIgniter\Database\MySQLi\Connection->execute()
 2 SYSTEMPATH/Database/BaseConnection.php(636): CodeIgniter\Database\BaseConnection->simpleQuery()
 3 SYSTEMPATH/Database/BaseBuilder.php(2823): CodeIgniter\Database\BaseConnection->query()
 4 SYSTEMPATH/Model.php(510): CodeIgniter\Database\BaseBuilder->delete()
 5 SYSTEMPATH/BaseModel.php(1158): CodeIgniter\Model->doDelete()
 6 APPPATH/Models/EtudiantBDD.php(23): CodeIgniter\BaseModel->delete()
 7 APPPATH/Controllers/Etudiant.php(56): App\Models\EtudiantBDD->supprimer()
 8 SYSTEMPATH/CodeIgniter.php(933): App\Controllers\Etudiant->Supprimer()
 9 SYSTEMPATH/CodeIgniter.php(509): CodeIgniter\CodeIgniter->runController()
10 SYSTEMPATH/CodeIgniter.php(355): CodeIgniter\CodeIgniter->handleRequest()
11 SYSTEMPATH/Boot.php(312): CodeIgniter\CodeIgniter->run()
12 SYSTEMPATH/Boot.php(67): CodeIgniter\Boot::runCodeIgniter()
13 FCPATH/index.php(56): CodeIgniter\Boot::bootWeb()
CRITICAL - 2024-04-25 06:13:49 --> [Caused by] mysqli_sql_exception: Unknown column 'id' in 'where clause'
in SYSTEMPATH/Database/MySQLi/Connection.php on line 308.
 1 SYSTEMPATH/Database/MySQLi/Connection.php(308): mysqli->query()
 2 SYSTEMPATH/Database/BaseConnection.php(722): CodeIgniter\Database\MySQLi\Connection->execute()
 3 SYSTEMPATH/Database/BaseConnection.php(636): CodeIgniter\Database\BaseConnection->simpleQuery()
 4 SYSTEMPATH/Database/BaseBuilder.php(2823): CodeIgniter\Database\BaseConnection->query()
 5 SYSTEMPATH/Model.php(510): CodeIgniter\Database\BaseBuilder->delete()
 6 SYSTEMPATH/BaseModel.php(1158): CodeIgniter\Model->doDelete()
 7 APPPATH/Models/EtudiantBDD.php(23): CodeIgniter\BaseModel->delete()
 8 APPPATH/Controllers/Etudiant.php(56): App\Models\EtudiantBDD->supprimer()
 9 SYSTEMPATH/CodeIgniter.php(933): App\Controllers\Etudiant->Supprimer()
10 SYSTEMPATH/CodeIgniter.php(509): CodeIgniter\CodeIgniter->runController()
11 SYSTEMPATH/CodeIgniter.php(355): CodeIgniter\CodeIgniter->handleRequest()
12 SYSTEMPATH/Boot.php(312): CodeIgniter\CodeIgniter->run()
13 SYSTEMPATH/Boot.php(67): CodeIgniter\Boot::runCodeIgniter()
14 FCPATH/index.php(56): CodeIgniter\Boot::bootWeb()
ERROR - 2024-04-25 06:14:33 --> mysqli_sql_exception: Unknown column 'id' in 'where clause' in /home/mit/Site/framework/system/Database/MySQLi/Connection.php:308
Stack trace:
#0 /home/mit/Site/framework/system/Database/MySQLi/Connection.php(308): mysqli->query()
#1 /home/mit/Site/framework/system/Database/BaseConnection.php(722): CodeIgniter\Database\MySQLi\Connection->execute()
#2 /home/mit/Site/framework/system/Database/BaseConnection.php(636): CodeIgniter\Database\BaseConnection->simpleQuery()
#3 /home/mit/Site/framework/system/Database/BaseBuilder.php(2823): CodeIgniter\Database\BaseConnection->query()
#4 /home/mit/Site/framework/system/Model.php(510): CodeIgniter\Database\BaseBuilder->delete()
#5 /home/mit/Site/framework/system/BaseModel.php(1158): CodeIgniter\Model->doDelete()
#6 /home/mit/Site/framework/app/Models/EtudiantBDD.php(23): CodeIgniter\BaseModel->delete()
#7 /home/mit/Site/framework/app/Controllers/Etudiant.php(56): App\Models\EtudiantBDD->supprimer()
#8 /home/mit/Site/framework/system/CodeIgniter.php(933): App\Controllers\Etudiant->Supprimer()
#9 /home/mit/Site/framework/system/CodeIgniter.php(509): CodeIgniter\CodeIgniter->runController()
#10 /home/mit/Site/framework/system/CodeIgniter.php(355): CodeIgniter\CodeIgniter->handleRequest()
#11 /home/mit/Site/framework/system/Boot.php(312): CodeIgniter\CodeIgniter->run()
#12 /home/mit/Site/framework/system/Boot.php(67): CodeIgniter\Boot::runCodeIgniter()
#13 /home/mit/Site/framework/public/index.php(56): CodeIgniter\Boot::bootWeb()
#14 {main}
CRITICAL - 2024-04-25 06:14:33 --> CodeIgniter\Database\Exceptions\DatabaseException: Unknown column 'id' in 'where clause'
[Method: GET, Route: Etudiant/Supprimer]
in SYSTEMPATH/Database/BaseConnection.php on line 676.
 1 SYSTEMPATH/Database/BaseBuilder.php(2823): CodeIgniter\Database\BaseConnection->query()
 2 SYSTEMPATH/Model.php(510): CodeIgniter\Database\BaseBuilder->delete()
 3 SYSTEMPATH/BaseModel.php(1158): CodeIgniter\Model->doDelete()
 4 APPPATH/Models/EtudiantBDD.php(23): CodeIgniter\BaseModel->delete()
 5 APPPATH/Controllers/Etudiant.php(56): App\Models\EtudiantBDD->supprimer()
 6 SYSTEMPATH/CodeIgniter.php(933): App\Controllers\Etudiant->Supprimer()
 7 SYSTEMPATH/CodeIgniter.php(509): CodeIgniter\CodeIgniter->runController()
 8 SYSTEMPATH/CodeIgniter.php(355): CodeIgniter\CodeIgniter->handleRequest()
 9 SYSTEMPATH/Boot.php(312): CodeIgniter\CodeIgniter->run()
10 SYSTEMPATH/Boot.php(67): CodeIgniter\Boot::runCodeIgniter()
11 FCPATH/index.php(56): CodeIgniter\Boot::bootWeb()
CRITICAL - 2024-04-25 06:14:33 --> [Caused by] CodeIgniter\Database\Exceptions\DatabaseException: Unknown column 'id' in 'where clause'
in SYSTEMPATH/Database/MySQLi/Connection.php on line 313.
 1 SYSTEMPATH/Database/BaseConnection.php(722): CodeIgniter\Database\MySQLi\Connection->execute()
 2 SYSTEMPATH/Database/BaseConnection.php(636): CodeIgniter\Database\BaseConnection->simpleQuery()
 3 SYSTEMPATH/Database/BaseBuilder.php(2823): CodeIgniter\Database\BaseConnection->query()
 4 SYSTEMPATH/Model.php(510): CodeIgniter\Database\BaseBuilder->delete()
 5 SYSTEMPATH/BaseModel.php(1158): CodeIgniter\Model->doDelete()
 6 APPPATH/Models/EtudiantBDD.php(23): CodeIgniter\BaseModel->delete()
 7 APPPATH/Controllers/Etudiant.php(56): App\Models\EtudiantBDD->supprimer()
 8 SYSTEMPATH/CodeIgniter.php(933): App\Controllers\Etudiant->Supprimer()
 9 SYSTEMPATH/CodeIgniter.php(509): CodeIgniter\CodeIgniter->runController()
10 SYSTEMPATH/CodeIgniter.php(355): CodeIgniter\CodeIgniter->handleRequest()
11 SYSTEMPATH/Boot.php(312): CodeIgniter\CodeIgniter->run()
12 SYSTEMPATH/Boot.php(67): CodeIgniter\Boot::runCodeIgniter()
13 FCPATH/index.php(56): CodeIgniter\Boot::bootWeb()
CRITICAL - 2024-04-25 06:14:33 --> [Caused by] mysqli_sql_exception: Unknown column 'id' in 'where clause'
in SYSTEMPATH/Database/MySQLi/Connection.php on line 308.
 1 SYSTEMPATH/Database/MySQLi/Connection.php(308): mysqli->query()
 2 SYSTEMPATH/Database/BaseConnection.php(722): CodeIgniter\Database\MySQLi\Connection->execute()
 3 SYSTEMPATH/Database/BaseConnection.php(636): CodeIgniter\Database\BaseConnection->simpleQuery()
 4 SYSTEMPATH/Database/BaseBuilder.php(2823): CodeIgniter\Database\BaseConnection->query()
 5 SYSTEMPATH/Model.php(510): CodeIgniter\Database\BaseBuilder->delete()
 6 SYSTEMPATH/BaseModel.php(1158): CodeIgniter\Model->doDelete()
 7 APPPATH/Models/EtudiantBDD.php(23): CodeIgniter\BaseModel->delete()
 8 APPPATH/Controllers/Etudiant.php(56): App\Models\EtudiantBDD->supprimer()
 9 SYSTEMPATH/CodeIgniter.php(933): App\Controllers\Etudiant->Supprimer()
10 SYSTEMPATH/CodeIgniter.php(509): CodeIgniter\CodeIgniter->runController()
11 SYSTEMPATH/CodeIgniter.php(355): CodeIgniter\CodeIgniter->handleRequest()
12 SYSTEMPATH/Boot.php(312): CodeIgniter\CodeIgniter->run()
13 SYSTEMPATH/Boot.php(67): CodeIgniter\Boot::runCodeIgniter()
14 FCPATH/index.php(56): CodeIgniter\Boot::bootWeb()
ERROR - 2024-04-25 06:14:35 --> mysqli_sql_exception: Unknown column 'id' in 'where clause' in /home/mit/Site/framework/system/Database/MySQLi/Connection.php:308
Stack trace:
#0 /home/mit/Site/framework/system/Database/MySQLi/Connection.php(308): mysqli->query()
#1 /home/mit/Site/framework/system/Database/BaseConnection.php(722): CodeIgniter\Database\MySQLi\Connection->execute()
#2 /home/mit/Site/framework/system/Database/BaseConnection.php(636): CodeIgniter\Database\BaseConnection->simpleQuery()
#3 /home/mit/Site/framework/system/Database/BaseBuilder.php(2823): CodeIgniter\Database\BaseConnection->query()
#4 /home/mit/Site/framework/system/Model.php(510): CodeIgniter\Database\BaseBuilder->delete()
#5 /home/mit/Site/framework/system/BaseModel.php(1158): CodeIgniter\Model->doDelete()
#6 /home/mit/Site/framework/app/Models/EtudiantBDD.php(23): CodeIgniter\BaseModel->delete()
#7 /home/mit/Site/framework/app/Controllers/Etudiant.php(56): App\Models\EtudiantBDD->supprimer()
#8 /home/mit/Site/framework/system/CodeIgniter.php(933): App\Controllers\Etudiant->Supprimer()
#9 /home/mit/Site/framework/system/CodeIgniter.php(509): CodeIgniter\CodeIgniter->runController()
#10 /home/mit/Site/framework/system/CodeIgniter.php(355): CodeIgniter\CodeIgniter->handleRequest()
#11 /home/mit/Site/framework/system/Boot.php(312): CodeIgniter\CodeIgniter->run()
#12 /home/mit/Site/framework/system/Boot.php(67): CodeIgniter\Boot::runCodeIgniter()
#13 /home/mit/Site/framework/public/index.php(56): CodeIgniter\Boot::bootWeb()
#14 {main}
CRITICAL - 2024-04-25 06:14:35 --> CodeIgniter\Database\Exceptions\DatabaseException: Unknown column 'id' in 'where clause'
[Method: GET, Route: Etudiant/Supprimer]
in SYSTEMPATH/Database/BaseConnection.php on line 676.
 1 SYSTEMPATH/Database/BaseBuilder.php(2823): CodeIgniter\Database\BaseConnection->query()
 2 SYSTEMPATH/Model.php(510): CodeIgniter\Database\BaseBuilder->delete()
 3 SYSTEMPATH/BaseModel.php(1158): CodeIgniter\Model->doDelete()
 4 APPPATH/Models/EtudiantBDD.php(23): CodeIgniter\BaseModel->delete()
 5 APPPATH/Controllers/Etudiant.php(56): App\Models\EtudiantBDD->supprimer()
 6 SYSTEMPATH/CodeIgniter.php(933): App\Controllers\Etudiant->Supprimer()
 7 SYSTEMPATH/CodeIgniter.php(509): CodeIgniter\CodeIgniter->runController()
 8 SYSTEMPATH/CodeIgniter.php(355): CodeIgniter\CodeIgniter->handleRequest()
 9 SYSTEMPATH/Boot.php(312): CodeIgniter\CodeIgniter->run()
10 SYSTEMPATH/Boot.php(67): CodeIgniter\Boot::runCodeIgniter()
11 FCPATH/index.php(56): CodeIgniter\Boot::bootWeb()
CRITICAL - 2024-04-25 06:14:35 --> [Caused by] CodeIgniter\Database\Exceptions\DatabaseException: Unknown column 'id' in 'where clause'
in SYSTEMPATH/Database/MySQLi/Connection.php on line 313.
 1 SYSTEMPATH/Database/BaseConnection.php(722): CodeIgniter\Database\MySQLi\Connection->execute()
 2 SYSTEMPATH/Database/BaseConnection.php(636): CodeIgniter\Database\BaseConnection->simpleQuery()
 3 SYSTEMPATH/Database/BaseBuilder.php(2823): CodeIgniter\Database\BaseConnection->query()
 4 SYSTEMPATH/Model.php(510): CodeIgniter\Database\BaseBuilder->delete()
 5 SYSTEMPATH/BaseModel.php(1158): CodeIgniter\Model->doDelete()
 6 APPPATH/Models/EtudiantBDD.php(23): CodeIgniter\BaseModel->delete()
 7 APPPATH/Controllers/Etudiant.php(56): App\Models\EtudiantBDD->supprimer()
 8 SYSTEMPATH/CodeIgniter.php(933): App\Controllers\Etudiant->Supprimer()
 9 SYSTEMPATH/CodeIgniter.php(509): CodeIgniter\CodeIgniter->runController()
10 SYSTEMPATH/CodeIgniter.php(355): CodeIgniter\CodeIgniter->handleRequest()
11 SYSTEMPATH/Boot.php(312): CodeIgniter\CodeIgniter->run()
12 SYSTEMPATH/Boot.php(67): CodeIgniter\Boot::runCodeIgniter()
13 FCPATH/index.php(56): CodeIgniter\Boot::bootWeb()
CRITICAL - 2024-04-25 06:14:35 --> [Caused by] mysqli_sql_exception: Unknown column 'id' in 'where clause'
in SYSTEMPATH/Database/MySQLi/Connection.php on line 308.
 1 SYSTEMPATH/Database/MySQLi/Connection.php(308): mysqli->query()
 2 SYSTEMPATH/Database/BaseConnection.php(722): CodeIgniter\Database\MySQLi\Connection->execute()
 3 SYSTEMPATH/Database/BaseConnection.php(636): CodeIgniter\Database\BaseConnection->simpleQuery()
 4 SYSTEMPATH/Database/BaseBuilder.php(2823): CodeIgniter\Database\BaseConnection->query()
 5 SYSTEMPATH/Model.php(510): CodeIgniter\Database\BaseBuilder->delete()
 6 SYSTEMPATH/BaseModel.php(1158): CodeIgniter\Model->doDelete()
 7 APPPATH/Models/EtudiantBDD.php(23): CodeIgniter\BaseModel->delete()
 8 APPPATH/Controllers/Etudiant.php(56): App\Models\EtudiantBDD->supprimer()
 9 SYSTEMPATH/CodeIgniter.php(933): App\Controllers\Etudiant->Supprimer()
10 SYSTEMPATH/CodeIgniter.php(509): CodeIgniter\CodeIgniter->runController()
11 SYSTEMPATH/CodeIgniter.php(355): CodeIgniter\CodeIgniter->handleRequest()
12 SYSTEMPATH/Boot.php(312): CodeIgniter\CodeIgniter->run()
13 SYSTEMPATH/Boot.php(67): CodeIgniter\Boot::runCodeIgniter()
14 FCPATH/index.php(56): CodeIgniter\Boot::bootWeb()
ERROR - 2024-04-25 06:17:06 --> mysqli_sql_exception: Unknown column 'id' in 'where clause' in /home/mit/Site/framework/system/Database/MySQLi/Connection.php:308
Stack trace:
#0 /home/mit/Site/framework/system/Database/MySQLi/Connection.php(308): mysqli->query()
#1 /home/mit/Site/framework/system/Database/BaseConnection.php(722): CodeIgniter\Database\MySQLi\Connection->execute()
#2 /home/mit/Site/framework/system/Database/BaseConnection.php(636): CodeIgniter\Database\BaseConnection->simpleQuery()
#3 /home/mit/Site/framework/system/Database/BaseBuilder.php(2823): CodeIgniter\Database\BaseConnection->query()
#4 /home/mit/Site/framework/system/Model.php(510): CodeIgniter\Database\BaseBuilder->delete()
#5 /home/mit/Site/framework/system/BaseModel.php(1158): CodeIgniter\Model->doDelete()
#6 /home/mit/Site/framework/app/Controllers/Etudiant.php(57): CodeIgniter\BaseModel->delete()
#7 /home/mit/Site/framework/system/CodeIgniter.php(933): App\Controllers\Etudiant->Supprimer()
#8 /home/mit/Site/framework/system/CodeIgniter.php(509): CodeIgniter\CodeIgniter->runController()
#9 /home/mit/Site/framework/system/CodeIgniter.php(355): CodeIgniter\CodeIgniter->handleRequest()
#10 /home/mit/Site/framework/system/Boot.php(312): CodeIgniter\CodeIgniter->run()
#11 /home/mit/Site/framework/system/Boot.php(67): CodeIgniter\Boot::runCodeIgniter()
#12 /home/mit/Site/framework/public/index.php(56): CodeIgniter\Boot::bootWeb()
#13 {main}
CRITICAL - 2024-04-25 06:17:06 --> CodeIgniter\Database\Exceptions\DatabaseException: Unknown column 'id' in 'where clause'
[Method: GET, Route: Etudiant/Supprimer]
in SYSTEMPATH/Database/BaseConnection.php on line 676.
 1 SYSTEMPATH/Database/BaseBuilder.php(2823): CodeIgniter\Database\BaseConnection->query()
 2 SYSTEMPATH/Model.php(510): CodeIgniter\Database\BaseBuilder->delete()
 3 SYSTEMPATH/BaseModel.php(1158): CodeIgniter\Model->doDelete()
 4 APPPATH/Controllers/Etudiant.php(57): CodeIgniter\BaseModel->delete()
 5 SYSTEMPATH/CodeIgniter.php(933): App\Controllers\Etudiant->Supprimer()
 6 SYSTEMPATH/CodeIgniter.php(509): CodeIgniter\CodeIgniter->runController()
 7 SYSTEMPATH/CodeIgniter.php(355): CodeIgniter\CodeIgniter->handleRequest()
 8 SYSTEMPATH/Boot.php(312): CodeIgniter\CodeIgniter->run()
 9 SYSTEMPATH/Boot.php(67): CodeIgniter\Boot::runCodeIgniter()
10 FCPATH/index.php(56): CodeIgniter\Boot::bootWeb()
CRITICAL - 2024-04-25 06:17:06 --> [Caused by] CodeIgniter\Database\Exceptions\DatabaseException: Unknown column 'id' in 'where clause'
in SYSTEMPATH/Database/MySQLi/Connection.php on line 313.
 1 SYSTEMPATH/Database/BaseConnection.php(722): CodeIgniter\Database\MySQLi\Connection->execute()
 2 SYSTEMPATH/Database/BaseConnection.php(636): CodeIgniter\Database\BaseConnection->simpleQuery()
 3 SYSTEMPATH/Database/BaseBuilder.php(2823): CodeIgniter\Database\BaseConnection->query()
 4 SYSTEMPATH/Model.php(510): CodeIgniter\Database\BaseBuilder->delete()
 5 SYSTEMPATH/BaseModel.php(1158): CodeIgniter\Model->doDelete()
 6 APPPATH/Controllers/Etudiant.php(57): CodeIgniter\BaseModel->delete()
 7 SYSTEMPATH/CodeIgniter.php(933): App\Controllers\Etudiant->Supprimer()
 8 SYSTEMPATH/CodeIgniter.php(509): CodeIgniter\CodeIgniter->runController()
 9 SYSTEMPATH/CodeIgniter.php(355): CodeIgniter\CodeIgniter->handleRequest()
10 SYSTEMPATH/Boot.php(312): CodeIgniter\CodeIgniter->run()
11 SYSTEMPATH/Boot.php(67): CodeIgniter\Boot::runCodeIgniter()
12 FCPATH/index.php(56): CodeIgniter\Boot::bootWeb()
CRITICAL - 2024-04-25 06:17:06 --> [Caused by] mysqli_sql_exception: Unknown column 'id' in 'where clause'
in SYSTEMPATH/Database/MySQLi/Connection.php on line 308.
 1 SYSTEMPATH/Database/MySQLi/Connection.php(308): mysqli->query()
 2 SYSTEMPATH/Database/BaseConnection.php(722): CodeIgniter\Database\MySQLi\Connection->execute()
 3 SYSTEMPATH/Database/BaseConnection.php(636): CodeIgniter\Database\BaseConnection->simpleQuery()
 4 SYSTEMPATH/Database/BaseBuilder.php(2823): CodeIgniter\Database\BaseConnection->query()
 5 SYSTEMPATH/Model.php(510): CodeIgniter\Database\BaseBuilder->delete()
 6 SYSTEMPATH/BaseModel.php(1158): CodeIgniter\Model->doDelete()
 7 APPPATH/Controllers/Etudiant.php(57): CodeIgniter\BaseModel->delete()
 8 SYSTEMPATH/CodeIgniter.php(933): App\Controllers\Etudiant->Supprimer()
 9 SYSTEMPATH/CodeIgniter.php(509): CodeIgniter\CodeIgniter->runController()
10 SYSTEMPATH/CodeIgniter.php(355): CodeIgniter\CodeIgniter->handleRequest()
11 SYSTEMPATH/Boot.php(312): CodeIgniter\CodeIgniter->run()
12 SYSTEMPATH/Boot.php(67): CodeIgniter\Boot::runCodeIgniter()
13 FCPATH/index.php(56): CodeIgniter\Boot::bootWeb()
CRITICAL - 2024-04-25 06:22:28 --> ErrorException: Undefined array key "id_personne"
[Method: GET, Route: Etudiant/Liste]
in APPPATH/Views/Etudiant/ListeEtudiant.php on line 111.
 1 APPPATH/Views/Etudiant/ListeEtudiant.php(111): CodeIgniter\Debug\Exceptions->errorHandler()
 2 SYSTEMPATH/View/View.php(234): include('/home/mit/Site/framework/app/Views/Etudiant/ListeEtudiant.php')
 3 SYSTEMPATH/View/View.php(237): CodeIgniter\View\View->CodeIgniter\View\{closure}()
 4 SYSTEMPATH/Common.php(1171): CodeIgniter\View\View->render()
 5 APPPATH/Controllers/Etudiant.php(41): view()
 6 SYSTEMPATH/CodeIgniter.php(933): App\Controllers\Etudiant->Liste()
 7 SYSTEMPATH/CodeIgniter.php(509): CodeIgniter\CodeIgniter->runController()
 8 SYSTEMPATH/CodeIgniter.php(355): CodeIgniter\CodeIgniter->handleRequest()
 9 SYSTEMPATH/Boot.php(312): CodeIgniter\CodeIgniter->run()
10 SYSTEMPATH/Boot.php(67): CodeIgniter\Boot::runCodeIgniter()
11 FCPATH/index.php(56): CodeIgniter\Boot::bootWeb()
CRITICAL - 2024-04-25 06:22:33 --> ErrorException: Undefined array key "id_personne"
[Method: GET, Route: Etudiant/Liste]
in APPPATH/Views/Etudiant/ListeEtudiant.php on line 111.
 1 APPPATH/Views/Etudiant/ListeEtudiant.php(111): CodeIgniter\Debug\Exceptions->errorHandler()
 2 SYSTEMPATH/View/View.php(234): include('/home/mit/Site/framework/app/Views/Etudiant/ListeEtudiant.php')
 3 SYSTEMPATH/View/View.php(237): CodeIgniter\View\View->CodeIgniter\View\{closure}()
 4 SYSTEMPATH/Common.php(1171): CodeIgniter\View\View->render()
 5 APPPATH/Controllers/Etudiant.php(41): view()
 6 SYSTEMPATH/CodeIgniter.php(933): App\Controllers\Etudiant->Liste()
 7 SYSTEMPATH/CodeIgniter.php(509): CodeIgniter\CodeIgniter->runController()
 8 SYSTEMPATH/CodeIgniter.php(355): CodeIgniter\CodeIgniter->handleRequest()
 9 SYSTEMPATH/Boot.php(312): CodeIgniter\CodeIgniter->run()
10 SYSTEMPATH/Boot.php(67): CodeIgniter\Boot::runCodeIgniter()
11 FCPATH/index.php(56): CodeIgniter\Boot::bootWeb()
CRITICAL - 2024-04-25 06:22:52 --> ErrorException: Undefined array key "id_personne"
[Method: GET, Route: Etudiant/Liste]
in APPPATH/Views/Etudiant/ListeEtudiant.php on line 120.
 1 APPPATH/Views/Etudiant/ListeEtudiant.php(120): CodeIgniter\Debug\Exceptions->errorHandler()
 2 SYSTEMPATH/View/View.php(234): include('/home/mit/Site/framework/app/Views/Etudiant/ListeEtudiant.php')
 3 SYSTEMPATH/View/View.php(237): CodeIgniter\View\View->CodeIgniter\View\{closure}()
 4 SYSTEMPATH/Common.php(1171): CodeIgniter\View\View->render()
 5 APPPATH/Controllers/Etudiant.php(41): view()
 6 SYSTEMPATH/CodeIgniter.php(933): App\Controllers\Etudiant->Liste()
 7 SYSTEMPATH/CodeIgniter.php(509): CodeIgniter\CodeIgniter->runController()
 8 SYSTEMPATH/CodeIgniter.php(355): CodeIgniter\CodeIgniter->handleRequest()
 9 SYSTEMPATH/Boot.php(312): CodeIgniter\CodeIgniter->run()
10 SYSTEMPATH/Boot.php(67): CodeIgniter\Boot::runCodeIgniter()
11 FCPATH/index.php(56): CodeIgniter\Boot::bootWeb()
CRITICAL - 2024-04-25 06:49:08 --> ErrorException: Undefined variable $model
[Method: GET, Route: Etudiant/Modifier]
in APPPATH/Controllers/Etudiant.php on line 65.
 1 APPPATH/Controllers/Etudiant.php(65): CodeIgniter\Debug\Exceptions->errorHandler()
 2 SYSTEMPATH/CodeIgniter.php(933): App\Controllers\Etudiant->Modifier()
 3 SYSTEMPATH/CodeIgniter.php(509): CodeIgniter\CodeIgniter->runController()
 4 SYSTEMPATH/CodeIgniter.php(355): CodeIgniter\CodeIgniter->handleRequest()
 5 SYSTEMPATH/Boot.php(312): CodeIgniter\CodeIgniter->run()
 6 SYSTEMPATH/Boot.php(67): CodeIgniter\Boot::runCodeIgniter()
 7 FCPATH/index.php(56): CodeIgniter\Boot::bootWeb()
CRITICAL - 2024-04-25 06:49:35 --> ErrorException: Undefined array key "nom"
[Method: GET, Route: Etudiant/Modifier]
in APPPATH/Controllers/Etudiant.php on line 69.
 1 APPPATH/Controllers/Etudiant.php(69): CodeIgniter\Debug\Exceptions->errorHandler()
 2 SYSTEMPATH/CodeIgniter.php(933): App\Controllers\Etudiant->Modifier()
 3 SYSTEMPATH/CodeIgniter.php(509): CodeIgniter\CodeIgniter->runController()
 4 SYSTEMPATH/CodeIgniter.php(355): CodeIgniter\CodeIgniter->handleRequest()
 5 SYSTEMPATH/Boot.php(312): CodeIgniter\CodeIgniter->run()
 6 SYSTEMPATH/Boot.php(67): CodeIgniter\Boot::runCodeIgniter()
 7 FCPATH/index.php(56): CodeIgniter\Boot::bootWeb()
CRITICAL - 2024-04-25 06:52:36 --> ErrorException: Undefined array key "nom"
[Method: GET, Route: Etudiant/Modifier]
in APPPATH/Controllers/Etudiant.php on line 69.
 1 APPPATH/Controllers/Etudiant.php(69): CodeIgniter\Debug\Exceptions->errorHandler()
 2 SYSTEMPATH/CodeIgniter.php(933): App\Controllers\Etudiant->Modifier()
 3 SYSTEMPATH/CodeIgniter.php(509): CodeIgniter\CodeIgniter->runController()
 4 SYSTEMPATH/CodeIgniter.php(355): CodeIgniter\CodeIgniter->handleRequest()
 5 SYSTEMPATH/Boot.php(312): CodeIgniter\CodeIgniter->run()
 6 SYSTEMPATH/Boot.php(67): CodeIgniter\Boot::runCodeIgniter()
 7 FCPATH/index.php(56): CodeIgniter\Boot::bootWeb()
CRITICAL - 2024-04-25 06:52:37 --> ErrorException: Undefined array key "nom"
[Method: GET, Route: Etudiant/Modifier]
in APPPATH/Controllers/Etudiant.php on line 69.
 1 APPPATH/Controllers/Etudiant.php(69): CodeIgniter\Debug\Exceptions->errorHandler()
 2 SYSTEMPATH/CodeIgniter.php(933): App\Controllers\Etudiant->Modifier()
 3 SYSTEMPATH/CodeIgniter.php(509): CodeIgniter\CodeIgniter->runController()
 4 SYSTEMPATH/CodeIgniter.php(355): CodeIgniter\CodeIgniter->handleRequest()
 5 SYSTEMPATH/Boot.php(312): CodeIgniter\CodeIgniter->run()
 6 SYSTEMPATH/Boot.php(67): CodeIgniter\Boot::runCodeIgniter()
 7 FCPATH/index.php(56): CodeIgniter\Boot::bootWeb()
CRITICAL - 2024-04-25 06:52:38 --> ErrorException: Undefined array key "nom"
[Method: GET, Route: Etudiant/Modifier]
in APPPATH/Controllers/Etudiant.php on line 69.
 1 APPPATH/Controllers/Etudiant.php(69): CodeIgniter\Debug\Exceptions->errorHandler()
 2 SYSTEMPATH/CodeIgniter.php(933): App\Controllers\Etudiant->Modifier()
 3 SYSTEMPATH/CodeIgniter.php(509): CodeIgniter\CodeIgniter->runController()
 4 SYSTEMPATH/CodeIgniter.php(355): CodeIgniter\CodeIgniter->handleRequest()
 5 SYSTEMPATH/Boot.php(312): CodeIgniter\CodeIgniter->run()
 6 SYSTEMPATH/Boot.php(67): CodeIgniter\Boot::runCodeIgniter()
 7 FCPATH/index.php(56): CodeIgniter\Boot::bootWeb()
CRITICAL - 2024-04-25 06:52:38 --> ErrorException: Undefined array key "nom"
[Method: GET, Route: Etudiant/Modifier]
in APPPATH/Controllers/Etudiant.php on line 69.
 1 APPPATH/Controllers/Etudiant.php(69): CodeIgniter\Debug\Exceptions->errorHandler()
 2 SYSTEMPATH/CodeIgniter.php(933): App\Controllers\Etudiant->Modifier()
 3 SYSTEMPATH/CodeIgniter.php(509): CodeIgniter\CodeIgniter->runController()
 4 SYSTEMPATH/CodeIgniter.php(355): CodeIgniter\CodeIgniter->handleRequest()
 5 SYSTEMPATH/Boot.php(312): CodeIgniter\CodeIgniter->run()
 6 SYSTEMPATH/Boot.php(67): CodeIgniter\Boot::runCodeIgniter()
 7 FCPATH/index.php(56): CodeIgniter\Boot::bootWeb()
CRITICAL - 2024-04-25 06:52:39 --> ErrorException: Undefined array key "nom"
[Method: GET, Route: Etudiant/Modifier]
in APPPATH/Controllers/Etudiant.php on line 69.
 1 APPPATH/Controllers/Etudiant.php(69): CodeIgniter\Debug\Exceptions->errorHandler()
 2 SYSTEMPATH/CodeIgniter.php(933): App\Controllers\Etudiant->Modifier()
 3 SYSTEMPATH/CodeIgniter.php(509): CodeIgniter\CodeIgniter->runController()
 4 SYSTEMPATH/CodeIgniter.php(355): CodeIgniter\CodeIgniter->handleRequest()
 5 SYSTEMPATH/Boot.php(312): CodeIgniter\CodeIgniter->run()
 6 SYSTEMPATH/Boot.php(67): CodeIgniter\Boot::runCodeIgniter()
 7 FCPATH/index.php(56): CodeIgniter\Boot::bootWeb()
CRITICAL - 2024-04-25 06:52:39 --> ErrorException: Undefined array key "nom"
[Method: GET, Route: Etudiant/Modifier]
in APPPATH/Controllers/Etudiant.php on line 69.
 1 APPPATH/Controllers/Etudiant.php(69): CodeIgniter\Debug\Exceptions->errorHandler()
 2 SYSTEMPATH/CodeIgniter.php(933): App\Controllers\Etudiant->Modifier()
 3 SYSTEMPATH/CodeIgniter.php(509): CodeIgniter\CodeIgniter->runController()
 4 SYSTEMPATH/CodeIgniter.php(355): CodeIgniter\CodeIgniter->handleRequest()
 5 SYSTEMPATH/Boot.php(312): CodeIgniter\CodeIgniter->run()
 6 SYSTEMPATH/Boot.php(67): CodeIgniter\Boot::runCodeIgniter()
 7 FCPATH/index.php(56): CodeIgniter\Boot::bootWeb()
CRITICAL - 2024-04-25 06:54:21 --> ErrorException: Undefined array key "Nom"
[Method: GET, Route: Etudiant/Modifier]
in APPPATH/Controllers/Etudiant.php on line 70.
 1 APPPATH/Controllers/Etudiant.php(70): CodeIgniter\Debug\Exceptions->errorHandler()
 2 SYSTEMPATH/CodeIgniter.php(933): App\Controllers\Etudiant->Modifier()
 3 SYSTEMPATH/CodeIgniter.php(509): CodeIgniter\CodeIgniter->runController()
 4 SYSTEMPATH/CodeIgniter.php(355): CodeIgniter\CodeIgniter->handleRequest()
 5 SYSTEMPATH/Boot.php(312): CodeIgniter\CodeIgniter->run()
 6 SYSTEMPATH/Boot.php(67): CodeIgniter\Boot::runCodeIgniter()
 7 FCPATH/index.php(56): CodeIgniter\Boot::bootWeb()
CRITICAL - 2024-04-25 06:58:28 --> ErrorException: Undefined array key "parcours"
[Method: GET, Route: Etudiant/Modifier]
in APPPATH/Controllers/Etudiant.php on line 75.
 1 APPPATH/Controllers/Etudiant.php(75): CodeIgniter\Debug\Exceptions->errorHandler()
 2 SYSTEMPATH/CodeIgniter.php(933): App\Controllers\Etudiant->Modifier()
 3 SYSTEMPATH/CodeIgniter.php(509): CodeIgniter\CodeIgniter->runController()
 4 SYSTEMPATH/CodeIgniter.php(355): CodeIgniter\CodeIgniter->handleRequest()
 5 SYSTEMPATH/Boot.php(312): CodeIgniter\CodeIgniter->run()
 6 SYSTEMPATH/Boot.php(67): CodeIgniter\Boot::runCodeIgniter()
 7 FCPATH/index.php(56): CodeIgniter\Boot::bootWeb()
CRITICAL - 2024-04-25 08:19:01 --> ParseError: syntax error, unexpected token "return"
[Method: GET, Route: Etudiant]
in APPPATH/Controllers/Etudiant.php on line 42.
 1 SYSTEMPATH/Router/Router.php(562): CodeIgniter\Router\AutoRouter->getRoute()
 2 SYSTEMPATH/Router/Router.php(227): CodeIgniter\Router\Router->autoRoute()
 3 SYSTEMPATH/CodeIgniter.php(834): CodeIgniter\Router\Router->handle()
 4 SYSTEMPATH/CodeIgniter.php(457): CodeIgniter\CodeIgniter->tryToRouteIt()
 5 SYSTEMPATH/CodeIgniter.php(355): CodeIgniter\CodeIgniter->handleRequest()
 6 SYSTEMPATH/Boot.php(312): CodeIgniter\CodeIgniter->run()
 7 SYSTEMPATH/Boot.php(67): CodeIgniter\Boot::runCodeIgniter()
 8 FCPATH/index.php(56): CodeIgniter\Boot::bootWeb()
CRITICAL - 2024-04-25 08:42:08 --> Error: Undefined constant "App\Controllers\this"
[Method: GET, Route: Etudiant/Liste]
in APPPATH/Controllers/Etudiant.php on line 42.
 1 SYSTEMPATH/CodeIgniter.php(933): App\Controllers\Etudiant->Liste()
 2 SYSTEMPATH/CodeIgniter.php(509): CodeIgniter\CodeIgniter->runController()
 3 SYSTEMPATH/CodeIgniter.php(355): CodeIgniter\CodeIgniter->handleRequest()
 4 SYSTEMPATH/Boot.php(312): CodeIgniter\CodeIgniter->run()
 5 SYSTEMPATH/Boot.php(67): CodeIgniter\Boot::runCodeIgniter()
 6 FCPATH/index.php(56): CodeIgniter\Boot::bootWeb()
CRITICAL - 2024-04-25 08:42:22 --> ErrorException: Undefined property: App\Controllers\Etudiant::$5
[Method: GET, Route: Etudiant/Liste]
in APPPATH/Controllers/Etudiant.php on line 42.
 1 APPPATH/Controllers/Etudiant.php(42): CodeIgniter\Debug\Exceptions->errorHandler()
 2 SYSTEMPATH/CodeIgniter.php(933): App\Controllers\Etudiant->Liste()
 3 SYSTEMPATH/CodeIgniter.php(509): CodeIgniter\CodeIgniter->runController()
 4 SYSTEMPATH/CodeIgniter.php(355): CodeIgniter\CodeIgniter->handleRequest()
 5 SYSTEMPATH/Boot.php(312): CodeIgniter\CodeIgniter->run()
 6 SYSTEMPATH/Boot.php(67): CodeIgniter\Boot::runCodeIgniter()
 7 FCPATH/index.php(56): CodeIgniter\Boot::bootWeb()
CRITICAL - 2024-04-25 08:42:24 --> ErrorException: Undefined property: App\Controllers\Etudiant::$5
[Method: GET, Route: Etudiant/Liste]
in APPPATH/Controllers/Etudiant.php on line 42.
 1 APPPATH/Controllers/Etudiant.php(42): CodeIgniter\Debug\Exceptions->errorHandler()
 2 SYSTEMPATH/CodeIgniter.php(933): App\Controllers\Etudiant->Liste()
 3 SYSTEMPATH/CodeIgniter.php(509): CodeIgniter\CodeIgniter->runController()
 4 SYSTEMPATH/CodeIgniter.php(355): CodeIgniter\CodeIgniter->handleRequest()
 5 SYSTEMPATH/Boot.php(312): CodeIgniter\CodeIgniter->run()
 6 SYSTEMPATH/Boot.php(67): CodeIgniter\Boot::runCodeIgniter()
 7 FCPATH/index.php(56): CodeIgniter\Boot::bootWeb()
CRITICAL - 2024-04-25 08:42:24 --> ErrorException: Undefined property: App\Controllers\Etudiant::$5
[Method: GET, Route: Etudiant/Liste]
in APPPATH/Controllers/Etudiant.php on line 42.
 1 APPPATH/Controllers/Etudiant.php(42): CodeIgniter\Debug\Exceptions->errorHandler()
 2 SYSTEMPATH/CodeIgniter.php(933): App\Controllers\Etudiant->Liste()
 3 SYSTEMPATH/CodeIgniter.php(509): CodeIgniter\CodeIgniter->runController()
 4 SYSTEMPATH/CodeIgniter.php(355): CodeIgniter\CodeIgniter->handleRequest()
 5 SYSTEMPATH/Boot.php(312): CodeIgniter\CodeIgniter->run()
 6 SYSTEMPATH/Boot.php(67): CodeIgniter\Boot::runCodeIgniter()
 7 FCPATH/index.php(56): CodeIgniter\Boot::bootWeb()
CRITICAL - 2024-04-25 08:42:24 --> ErrorException: Undefined property: App\Controllers\Etudiant::$5
[Method: GET, Route: Etudiant/Liste]
in APPPATH/Controllers/Etudiant.php on line 42.
 1 APPPATH/Controllers/Etudiant.php(42): CodeIgniter\Debug\Exceptions->errorHandler()
 2 SYSTEMPATH/CodeIgniter.php(933): App\Controllers\Etudiant->Liste()
 3 SYSTEMPATH/CodeIgniter.php(509): CodeIgniter\CodeIgniter->runController()
 4 SYSTEMPATH/CodeIgniter.php(355): CodeIgniter\CodeIgniter->handleRequest()
 5 SYSTEMPATH/Boot.php(312): CodeIgniter\CodeIgniter->run()
 6 SYSTEMPATH/Boot.php(67): CodeIgniter\Boot::runCodeIgniter()
 7 FCPATH/index.php(56): CodeIgniter\Boot::bootWeb()
CRITICAL - 2024-04-25 08:42:24 --> ErrorException: Undefined property: App\Controllers\Etudiant::$5
[Method: GET, Route: Etudiant/Liste]
in APPPATH/Controllers/Etudiant.php on line 42.
 1 APPPATH/Controllers/Etudiant.php(42): CodeIgniter\Debug\Exceptions->errorHandler()
 2 SYSTEMPATH/CodeIgniter.php(933): App\Controllers\Etudiant->Liste()
 3 SYSTEMPATH/CodeIgniter.php(509): CodeIgniter\CodeIgniter->runController()
 4 SYSTEMPATH/CodeIgniter.php(355): CodeIgniter\CodeIgniter->handleRequest()
 5 SYSTEMPATH/Boot.php(312): CodeIgniter\CodeIgniter->run()
 6 SYSTEMPATH/Boot.php(67): CodeIgniter\Boot::runCodeIgniter()
 7 FCPATH/index.php(56): CodeIgniter\Boot::bootWeb()
CRITICAL - 2024-04-25 08:42:25 --> ErrorException: Undefined property: App\Controllers\Etudiant::$5
[Method: GET, Route: Etudiant/Liste]
in APPPATH/Controllers/Etudiant.php on line 42.
 1 APPPATH/Controllers/Etudiant.php(42): CodeIgniter\Debug\Exceptions->errorHandler()
 2 SYSTEMPATH/CodeIgniter.php(933): App\Controllers\Etudiant->Liste()
 3 SYSTEMPATH/CodeIgniter.php(509): CodeIgniter\CodeIgniter->runController()
 4 SYSTEMPATH/CodeIgniter.php(355): CodeIgniter\CodeIgniter->handleRequest()
 5 SYSTEMPATH/Boot.php(312): CodeIgniter\CodeIgniter->run()
 6 SYSTEMPATH/Boot.php(67): CodeIgniter\Boot::runCodeIgniter()
 7 FCPATH/index.php(56): CodeIgniter\Boot::bootWeb()
CRITICAL - 2024-04-25 08:43:47 --> ErrorException: Undefined variable $pager
[Method: GET, Route: Etudiant/Recherche]
in APPPATH/Views/Etudiant/ListeEtudiant.php on line 137.
 1 APPPATH/Views/Etudiant/ListeEtudiant.php(137): CodeIgniter\Debug\Exceptions->errorHandler()
 2 SYSTEMPATH/View/View.php(234): include('/home/mit/Site/framework/app/Views/Etudiant/ListeEtudiant.php')
 3 SYSTEMPATH/View/View.php(237): CodeIgniter\View\View->CodeIgniter\View\{closure}()
 4 SYSTEMPATH/Common.php(1171): CodeIgniter\View\View->render()
 5 APPPATH/Controllers/Etudiant.php(54): view()
 6 SYSTEMPATH/CodeIgniter.php(933): App\Controllers\Etudiant->Recherche()
 7 SYSTEMPATH/CodeIgniter.php(509): CodeIgniter\CodeIgniter->runController()
 8 SYSTEMPATH/CodeIgniter.php(355): CodeIgniter\CodeIgniter->handleRequest()
 9 SYSTEMPATH/Boot.php(312): CodeIgniter\CodeIgniter->run()
10 SYSTEMPATH/Boot.php(67): CodeIgniter\Boot::runCodeIgniter()
11 FCPATH/index.php(56): CodeIgniter\Boot::bootWeb()
CRITICAL - 2024-04-25 09:56:00 --> ErrorException: Undefined variable $page
[Method: GET, Route: Etudiant/Liste]
in APPPATH/Controllers/Etudiant.php on line 43.
 1 APPPATH/Controllers/Etudiant.php(43): CodeIgniter\Debug\Exceptions->errorHandler()
 2 SYSTEMPATH/CodeIgniter.php(933): App\Controllers\Etudiant->Liste()
 3 SYSTEMPATH/CodeIgniter.php(509): CodeIgniter\CodeIgniter->runController()
 4 SYSTEMPATH/CodeIgniter.php(355): CodeIgniter\CodeIgniter->handleRequest()
 5 SYSTEMPATH/Boot.php(312): CodeIgniter\CodeIgniter->run()
 6 SYSTEMPATH/Boot.php(67): CodeIgniter\Boot::runCodeIgniter()
 7 FCPATH/index.php(56): CodeIgniter\Boot::bootWeb()
CRITICAL - 2024-04-25 09:56:03 --> ErrorException: Undefined variable $page
[Method: GET, Route: Etudiant/Liste]
in APPPATH/Controllers/Etudiant.php on line 43.
 1 APPPATH/Controllers/Etudiant.php(43): CodeIgniter\Debug\Exceptions->errorHandler()
 2 SYSTEMPATH/CodeIgniter.php(933): App\Controllers\Etudiant->Liste()
 3 SYSTEMPATH/CodeIgniter.php(509): CodeIgniter\CodeIgniter->runController()
 4 SYSTEMPATH/CodeIgniter.php(355): CodeIgniter\CodeIgniter->handleRequest()
 5 SYSTEMPATH/Boot.php(312): CodeIgniter\CodeIgniter->run()
 6 SYSTEMPATH/Boot.php(67): CodeIgniter\Boot::runCodeIgniter()
 7 FCPATH/index.php(56): CodeIgniter\Boot::bootWeb()
CRITICAL - 2024-04-25 09:56:04 --> ErrorException: Undefined variable $page
[Method: GET, Route: Etudiant/Liste]
in APPPATH/Controllers/Etudiant.php on line 43.
 1 APPPATH/Controllers/Etudiant.php(43): CodeIgniter\Debug\Exceptions->errorHandler()
 2 SYSTEMPATH/CodeIgniter.php(933): App\Controllers\Etudiant->Liste()
 3 SYSTEMPATH/CodeIgniter.php(509): CodeIgniter\CodeIgniter->runController()
 4 SYSTEMPATH/CodeIgniter.php(355): CodeIgniter\CodeIgniter->handleRequest()
 5 SYSTEMPATH/Boot.php(312): CodeIgniter\CodeIgniter->run()
 6 SYSTEMPATH/Boot.php(67): CodeIgniter\Boot::runCodeIgniter()
 7 FCPATH/index.php(56): CodeIgniter\Boot::bootWeb()
CRITICAL - 2024-04-25 09:56:11 --> ErrorException: Undefined variable $page
[Method: GET, Route: Etudiant/Liste]
in APPPATH/Controllers/Etudiant.php on line 43.
 1 APPPATH/Controllers/Etudiant.php(43): CodeIgniter\Debug\Exceptions->errorHandler()
 2 SYSTEMPATH/CodeIgniter.php(933): App\Controllers\Etudiant->Liste()
 3 SYSTEMPATH/CodeIgniter.php(509): CodeIgniter\CodeIgniter->runController()
 4 SYSTEMPATH/CodeIgniter.php(355): CodeIgniter\CodeIgniter->handleRequest()
 5 SYSTEMPATH/Boot.php(312): CodeIgniter\CodeIgniter->run()
 6 SYSTEMPATH/Boot.php(67): CodeIgniter\Boot::runCodeIgniter()
 7 FCPATH/index.php(56): CodeIgniter\Boot::bootWeb()
CRITICAL - 2024-04-25 09:56:52 --> ErrorException: Undefined variable $page
[Method: GET, Route: Etudiant/Liste]
in APPPATH/Controllers/Etudiant.php on line 43.
 1 APPPATH/Controllers/Etudiant.php(43): CodeIgniter\Debug\Exceptions->errorHandler()
 2 SYSTEMPATH/CodeIgniter.php(933): App\Controllers\Etudiant->Liste()
 3 SYSTEMPATH/CodeIgniter.php(509): CodeIgniter\CodeIgniter->runController()
 4 SYSTEMPATH/CodeIgniter.php(355): CodeIgniter\CodeIgniter->handleRequest()
 5 SYSTEMPATH/Boot.php(312): CodeIgniter\CodeIgniter->run()
 6 SYSTEMPATH/Boot.php(67): CodeIgniter\Boot::runCodeIgniter()
 7 FCPATH/index.php(56): CodeIgniter\Boot::bootWeb()
CRITICAL - 2024-04-25 09:56:53 --> ErrorException: Undefined variable $page
[Method: GET, Route: Etudiant/Liste]
in APPPATH/Controllers/Etudiant.php on line 43.
 1 APPPATH/Controllers/Etudiant.php(43): CodeIgniter\Debug\Exceptions->errorHandler()
 2 SYSTEMPATH/CodeIgniter.php(933): App\Controllers\Etudiant->Liste()
 3 SYSTEMPATH/CodeIgniter.php(509): CodeIgniter\CodeIgniter->runController()
 4 SYSTEMPATH/CodeIgniter.php(355): CodeIgniter\CodeIgniter->handleRequest()
 5 SYSTEMPATH/Boot.php(312): CodeIgniter\CodeIgniter->run()
 6 SYSTEMPATH/Boot.php(67): CodeIgniter\Boot::runCodeIgniter()
 7 FCPATH/index.php(56): CodeIgniter\Boot::bootWeb()
CRITICAL - 2024-04-25 12:59:12 --> ErrorException: Undefined array key "nom"
[Method: GET, Route: Etudiant/modification]
in APPPATH/Controllers/Etudiant.php on line 108.
 1 APPPATH/Controllers/Etudiant.php(108): CodeIgniter\Debug\Exceptions->errorHandler()
 2 SYSTEMPATH/CodeIgniter.php(933): App\Controllers\Etudiant->modification()
 3 SYSTEMPATH/CodeIgniter.php(509): CodeIgniter\CodeIgniter->runController()
 4 SYSTEMPATH/CodeIgniter.php(355): CodeIgniter\CodeIgniter->handleRequest()
 5 SYSTEMPATH/Boot.php(312): CodeIgniter\CodeIgniter->run()
 6 SYSTEMPATH/Boot.php(67): CodeIgniter\Boot::runCodeIgniter()
 7 FCPATH/index.php(56): CodeIgniter\Boot::bootWeb()
CRITICAL - 2024-04-25 12:59:30 --> ErrorException: Undefined array key "nom"
[Method: GET, Route: Etudiant/modification]
in APPPATH/Controllers/Etudiant.php on line 108.
 1 APPPATH/Controllers/Etudiant.php(108): CodeIgniter\Debug\Exceptions->errorHandler()
 2 SYSTEMPATH/CodeIgniter.php(933): App\Controllers\Etudiant->modification()
 3 SYSTEMPATH/CodeIgniter.php(509): CodeIgniter\CodeIgniter->runController()
 4 SYSTEMPATH/CodeIgniter.php(355): CodeIgniter\CodeIgniter->handleRequest()
 5 SYSTEMPATH/Boot.php(312): CodeIgniter\CodeIgniter->run()
 6 SYSTEMPATH/Boot.php(67): CodeIgniter\Boot::runCodeIgniter()
 7 FCPATH/index.php(56): CodeIgniter\Boot::bootWeb()
CRITICAL - 2024-04-25 13:31:18 --> ErrorException: Undefined property: App\Controllers\Etudiant::$data
[Method: GET, Route: Etudiant/Liste]
in APPPATH/Controllers/Etudiant.php on line 56.
 1 APPPATH/Controllers/Etudiant.php(56): CodeIgniter\Debug\Exceptions->errorHandler()
 2 SYSTEMPATH/CodeIgniter.php(933): App\Controllers\Etudiant->Liste()
 3 SYSTEMPATH/CodeIgniter.php(509): CodeIgniter\CodeIgniter->runController()
 4 SYSTEMPATH/CodeIgniter.php(355): CodeIgniter\CodeIgniter->handleRequest()
 5 SYSTEMPATH/Boot.php(312): CodeIgniter\CodeIgniter->run()
 6 SYSTEMPATH/Boot.php(67): CodeIgniter\Boot::runCodeIgniter()
 7 FCPATH/index.php(56): CodeIgniter\Boot::bootWeb()
CRITICAL - 2024-04-25 13:31:59 --> ErrorException: Undefined variable $page
[Method: GET, Route: Etudiant/Modifier]
in APPPATH/Controllers/Etudiant.php on line 97.
 1 APPPATH/Controllers/Etudiant.php(97): CodeIgniter\Debug\Exceptions->errorHandler()
 2 SYSTEMPATH/CodeIgniter.php(933): App\Controllers\Etudiant->Modifier()
 3 SYSTEMPATH/CodeIgniter.php(509): CodeIgniter\CodeIgniter->runController()
 4 SYSTEMPATH/CodeIgniter.php(355): CodeIgniter\CodeIgniter->handleRequest()
 5 SYSTEMPATH/Boot.php(312): CodeIgniter\CodeIgniter->run()
 6 SYSTEMPATH/Boot.php(67): CodeIgniter\Boot::runCodeIgniter()
 7 FCPATH/index.php(56): CodeIgniter\Boot::bootWeb()
